2025-06-26 13:45:07,483 INFO: [*] Ship {'cargo': {'capacity': 653.826237337323, 'resources': {}, 'usage': 0.0}, 'crew': {'4160156564': {'member_type': 'Pilot', 'rank': 1}}, 'fuel_tank': 2695.0, 'fuel_tank_capacity': 2695.0, 'hull_decay': 0.0, 'hull_decay_capacity': 21271.0, 'id': 3445642437786950476, 'modules': {}, 'pilot': 4160156564, 'position': [707790686, 700433701, 3350296724], 'reactor_power': 5, 'shield_power': 0, 'state': 'Idle', 'stats': {'fuel_consumption': 4.9, 'hull_usage_rate': 0.05, 'speed': 250.0}} cycle began
2025-06-26 13:45:07,550 INFO: [*3445642437786950476] Starting the Mining operation
2025-06-26 13:45:08,071 INFO: [*3445642437786950476] Targeting planet at [707790673, 700433692, 3350297224]
2025-06-26 13:45:08,191 INFO: [*3445642437786950476] Traveling to [707790673, 700433692, 3350297224], will take 2.000999750124922
2025-06-26 13:45:10,387 INFO: [*3445642437786950476] Starting extraction:
2025-06-26 13:45:10,387 INFO: 	- Extraction of Helium: 49.99999999999999/sec
2025-06-26 13:45:29,367 INFO: [*3445642437786950476] The cargo is full, stopping mining process
2025-06-26 13:45:29,680 INFO: [*3445642437786950476] Traveling to [707790686, 700433701, 3350296724], will take 2.000999750124922
2025-06-26 13:45:31,968 INFO: [*3445642437786950476] Unloaded and sold 871.7683164497641 of Helium, for 2918.7255689321137 credits
2025-06-26 13:45:33,011 INFO: [*3445642437786950476] ALL RESSOURCES SOLD for a total of 2918.7255689321137 credits
2025-06-26 13:45:33,114 INFO: [*3445642437786950476] Current hull decay level: 50.024993753123056/21271.0
2025-06-26 13:45:33,114 INFO: [*3445642437786950476] NO REPAIRS REQUIRED - The hull plate price isn't optimal (score: 2127.1000000000076)
2025-06-26 13:45:33,243 INFO: [!] Error during ship 3445642437786950476 cycle: Either you attempted to BUY 0 units, or you don't have enough space in cargo to hold the resources
2025-06-26 13:45:33,243 INFO: Completed a cycle
2025-06-26 13:45:33,803 INFO: [*] Ship {'cargo': {'capacity': 653.826237337323, 'resources': {'Helium': 0.0}, 'usage': 0.0}, 'crew': {'1055206813': {'member_type': 'Operator', 'rank': 1}, '4160156564': {'member_type': 'Pilot', 'rank': 1}}, 'fuel_tank': 2675.3902024487843, 'fuel_tank_capacity': 2695.0, 'hull_decay': 50.024993753123056, 'hull_decay_capacity': 21271.0, 'id': 3445642437786950476, 'modules': {'1': {'modtype': 'GasSucker', 'operator': 1055206813, 'rank': 1, 'totalcost': 0.0}}, 'pilot': 4160156564, 'position': [707790686, 700433701, 3350296724], 'reactor_power': 5, 'shield_power': 0, 'state': 'Idle', 'stats': {'fuel_consumption': 4.9, 'hull_usage_rate': 0.05, 'speed': 250.0}} cycle began
2025-06-26 13:45:33,846 INFO: [*3445642437786950476] Starting the Mining operation
2025-06-26 13:45:34,028 INFO: [*3445642437786950476] Targeting planet at [707790673, 700433692, 3350297224]
2025-06-26 13:45:35,131 INFO: [*3445642437786950476] Traveling to [707790673, 700433692, 3350297224], will take 2.000999750124922
2025-06-26 13:45:39,347 INFO: [*3445642437786950476] Starting extraction:
2025-06-26 13:45:39,347 INFO: 	- Extraction of Helium: 49.99999999999999/sec
2025-06-26 13:45:58,332 INFO: [*3445642437786950476] The cargo is full, stopping mining process
2025-06-26 13:45:58,590 INFO: [*3445642437786950476] Traveling to [707790686, 700433701, 3350296724], will take 2.000999750124922
2025-06-26 13:46:02,904 INFO: [*3445642437786950476] Unloaded and sold 871.7683164497641 of Helium, for 2848.785079895011 credits
2025-06-26 13:46:03,962 INFO: [*3445642437786950476] ALL RESSOURCES SOLD for a total of 2848.785079895011 credits
2025-06-26 13:46:04,084 INFO: [*3445642437786950476] Current hull decay level: 100.04998750624611/21271.0
2025-06-26 13:46:04,084 INFO: [*3445642437786950476] NO REPAIRS REQUIRED - The hull plate price isn't optimal (score: 13826.150000000005)
2025-06-26 13:46:04,222 INFO: [*3445642437786950476] Bought 39.0 of fuel for 89.96387684556687
2025-06-26 13:46:04,317 INFO: [*3445642437786950476] Refilled 39.0 fuel on the ship for 89.96387684556687 credits
2025-06-26 13:46:04,317 INFO: [*3445642437786950476] Checking for ship upgrades
2025-06-26 13:46:04,504 INFO: [*3445642437786950476] Current ship cargo capacity: 653.826237337323
2025-06-26 13:46:04,504 INFO: [*3445642437786950476] Current ship reactor power: 5
2025-06-26 13:46:04,504 INFO: [LOGS] flip value = 0
2025-06-26 13:46:04,505 INFO: [*3445642437786950476] Upgrades available: {'CargoExpansion': {'description': 'Adds 100 of cargo capacity', 'price': 2000.0}, 'HullUpgrade': {'description': 'Increase the hull decay capacity by 100', 'price': 900.0}, 'ReactorUpgrade': {'description': "Increase the reactor power by 1, improves the ship's speed", 'price': 4000.0}, 'Shield': {'description': 'Reduce the damage and usure of the hull', 'price': 2500.0}}
2025-06-26 13:46:04,505 INFO: [*3445642437786950476] Considering cargo expansion upgrade...
2025-06-26 13:46:04,505 INFO: [*3445642437786950476] Cargo expansion upgrade too expensive or not in priority list
2025-06-26 13:46:04,505 INFO: 
2025-06-26 13:46:04,545 INFO: [*3445642437786950476] Available crew augments: {'1055206813': {'member-type': 'Operator', 'price': 1710.0, 'rank': 2}, '4160156564': {'member-type': 'Pilot', 'price': 10450.0, 'rank': 2}}
2025-06-26 13:46:04,650 INFO: [*3445642437786950476] Upgrade for Pilot bought

2025-06-26 13:46:04,712 INFO: [*3445642437786950476] Available crew augments: {'1055206813': {'member-type': 'Operator', 'price': 1710.0, 'rank': 2}, '4160156564': {'member-type': 'Pilot', 'price': 18836.13466856635, 'rank': 3}}
2025-06-26 13:46:04,778 INFO: [LOGS] rank : 2
2025-06-26 13:46:04,778 INFO: [LOGS] operator price : 1710.0
2025-06-26 13:46:04,778 INFO: [LOGS] threshold : 800
2025-06-26 13:46:04,834 INFO: [*3445642437786950476] Upgrade for Operator bought

2025-06-26 13:46:04,834 INFO: Completed a cycle
2025-06-26 13:46:05,384 INFO: [*] Ship {'cargo': {'capacity': 653.826237337323, 'resources': {'Helium': 0.0}, 'usage': 0.0}, 'crew': {'1055206813': {'member_type': 'Operator', 'rank': 2}, '4160156564': {'member_type': 'Pilot', 'rank': 2}}, 'fuel_tank': 2694.7804048975686, 'fuel_tank_capacity': 2695.0, 'hull_decay': 100.04998750624611, 'hull_decay_capacity': 21271.0, 'id': 3445642437786950476, 'modules': {'1': {'modtype': 'GasSucker', 'operator': 1055206813, 'rank': 1, 'totalcost': 0.0}}, 'pilot': 4160156564, 'position': [707790686, 700433701, 3350296724], 'reactor_power': 5, 'shield_power': 0, 'state': 'Idle', 'stats': {'fuel_consumption': 4.8, 'hull_usage_rate': 0.05, 'speed': 500.0}} cycle began
2025-06-26 13:46:05,430 INFO: [*3445642437786950476] Starting the Mining operation
2025-06-26 13:46:05,598 INFO: [*3445642437786950476] Targeting planet at [707790673, 700433692, 3350297224]
2025-06-26 13:46:05,678 INFO: [*3445642437786950476] Traveling to [707790673, 700433692, 3350297224], will take 1.000499875062461
2025-06-26 13:46:06,842 INFO: [*3445642437786950476] Starting extraction:
2025-06-26 13:46:06,842 INFO: 	- Extraction of Helium: 75.7858283255199/sec
2025-06-26 13:46:19,608 INFO: [*3445642437786950476] The cargo is full, stopping mining process
2025-06-26 13:46:19,865 INFO: [*3445642437786950476] Traveling to [707790686, 700433701, 3350296724], will take 1.000499875062461
2025-06-26 13:46:21,107 INFO: [*3445642437786950476] Unloaded and sold 871.7683164497578 of Helium, for 3796.0789445616765 credits
2025-06-26 13:46:22,166 INFO: [*3445642437786950476] ALL RESSOURCES SOLD for a total of 3796.0789445616765 credits
2025-06-26 13:46:23,285 INFO: [*3445642437786950476] Current hull decay level: 150.07498125936917/21271.0
2025-06-26 13:46:23,285 INFO: [*3445642437786950476] NO REPAIRS REQUIRED - The hull plate price isn't optimal (score: 12762.600000000006)
2025-06-26 13:46:23,454 INFO: [*3445642437786950476] Bought 9.0 of fuel for 23.434935538475056
2025-06-26 13:46:23,565 INFO: [*3445642437786950476] Refilled 9.0 fuel on the ship for 23.434935538475056 credits
2025-06-26 13:46:23,565 INFO: [*3445642437786950476] Checking for ship upgrades
2025-06-26 13:46:24,804 INFO: [*3445642437786950476] Current ship cargo capacity: 653.826237337323
2025-06-26 13:46:24,804 INFO: [*3445642437786950476] Current ship reactor power: 5
2025-06-26 13:46:24,804 INFO: [LOGS] flip value = 0
2025-06-26 13:46:24,805 INFO: [*3445642437786950476] Upgrades available: {'CargoExpansion': {'description': 'Adds 100 of cargo capacity', 'price': 2000.0}, 'HullUpgrade': {'description': 'Increase the hull decay capacity by 100', 'price': 900.0}, 'ReactorUpgrade': {'description': "Increase the reactor power by 1, improves the ship's speed", 'price': 4000.0}, 'Shield': {'description': 'Reduce the damage and usure of the hull', 'price': 2500.0}}
2025-06-26 13:46:24,805 INFO: [*3445642437786950476] Considering cargo expansion upgrade...
2025-06-26 13:46:24,861 INFO: [*3445642437786950476] Cargo expansion upgrade bought
2025-06-26 13:46:24,862 INFO: [LOGS] flip value = 1
2025-06-26 13:46:24,862 INFO: 
2025-06-26 13:46:24,982 INFO: [*3445642437786950476] Available crew augments: {'1055206813': {'member-type': 'Operator', 'price': 3082.2765821290395, 'rank': 3}, '4160156564': {'member-type': 'Pilot', 'price': 18836.13466856635, 'rank': 3}}
2025-06-26 13:46:24,983 INFO: [*3445642437786950476] Pilot at max level
2025-06-26 13:46:25,028 INFO: [*3445642437786950476] Available crew augments: {'1055206813': {'member-type': 'Operator', 'price': 3082.2765821290395, 'rank': 3}, '4160156564': {'member-type': 'Pilot', 'price': 18836.13466856635, 'rank': 3}}
2025-06-26 13:46:26,083 INFO: [LOGS] rank : 3
2025-06-26 13:46:26,083 INFO: [LOGS] operator price : 3082.2765821290395
2025-06-26 13:46:26,084 INFO: [LOGS] threshold : 1000
2025-06-26 13:46:26,126 INFO: [*3445642437786950476] Upgrade for Operator bought

2025-06-26 13:46:26,126 INFO: Completed a cycle
2025-06-26 13:46:26,669 INFO: [*] Ship {'cargo': {'capacity': 753.826237337323, 'resources': {'Helium': 0.0}, 'usage': 0.0}, 'crew': {'1055206813': {'member_type': 'Operator', 'rank': 3}, '4160156564': {'member_type': 'Pilot', 'rank': 2}}, 'fuel_tank': 2694.1756060969683, 'fuel_tank_capacity': 2695.0, 'hull_decay': 150.07498125936917, 'hull_decay_capacity': 21271.0, 'id': 3445642437786950476, 'modules': {'1': {'modtype': 'GasSucker', 'operator': 1055206813, 'rank': 1, 'totalcost': 0.0}}, 'pilot': 4160156564, 'position': [707790686, 700433701, 3350296724], 'reactor_power': 5, 'shield_power': 0, 'state': 'Idle', 'stats': {'fuel_consumption': 4.8, 'hull_usage_rate': 0.05, 'speed': 500.0}} cycle began
2025-06-26 13:46:26,731 INFO: [*3445642437786950476] Starting the Mining operation
2025-06-26 13:46:27,867 INFO: [*3445642437786950476] Targeting planet at [707790673, 700433692, 3350297224]
2025-06-26 13:46:28,001 INFO: [*3445642437786950476] Traveling to [707790673, 700433692, 3350297224], will take 1.000499875062461
2025-06-26 13:46:29,154 INFO: [*3445642437786950476] Starting extraction:
2025-06-26 13:46:29,155 INFO: 	- Extraction of Helium: 96.65910224658812/sec
2025-06-26 13:46:29,155 INFO: 	- Extraction of Ozone: 10.671684011914229/sec
2025-06-26 13:46:37,561 INFO: [*3445642437786950476] The cargo is full, stopping mining process
2025-06-26 13:46:37,875 INFO: [*3445642437786950476] Traveling to [707790686, 700433701, 3350296724], will take 1.000499875062461
2025-06-26 13:46:39,150 INFO: [*3445642437786950476] Unloaded and sold 734.7523214812669 of Helium, for 2769.5528841117834 credits
2025-06-26 13:46:39,272 INFO: [!] Error during ship 3445642437786950476 cycle: Either you attempted to SELL 0 units, or you don't have any unit of this resource in your cargo
2025-06-26 13:46:39,272 INFO: Completed a cycle
2025-06-26 13:46:39,817 INFO: [*] Ship {'cargo': {'capacity': 753.826237337323, 'resources': {'Helium': 0.0, 'Ozone': 81.10479849054762}, 'usage': 202.76199622636906}, 'crew': {'1055206813': {'member_type': 'Operator', 'rank': 3}, '4160156564': {'member_type': 'Pilot', 'rank': 2}}, 'fuel_tank': 2684.570807296368, 'fuel_tank_capacity': 2695.0, 'hull_decay': 200.09997501249222, 'hull_decay_capacity': 21271.0, 'id': 3445642437786950476, 'modules': {'1': {'modtype': 'GasSucker', 'operator': 1055206813, 'rank': 1, 'totalcost': 0.0}}, 'pilot': 4160156564, 'position': [707790686, 700433701, 3350296724], 'reactor_power': 5, 'shield_power': 0, 'state': 'Idle', 'stats': {'fuel_consumption': 4.8, 'hull_usage_rate': 0.05, 'speed': 500.0}} cycle began
2025-06-26 13:46:39,863 INFO: [*3445642437786950476] Starting the Mining operation
2025-06-26 13:46:39,991 INFO: [*3445642437786950476] Targeting planet at [707790673, 700433692, 3350297224]
2025-06-26 13:46:40,087 INFO: [*3445642437786950476] Traveling to [707790673, 700433692, 3350297224], will take 1.000499875062461
2025-06-26 13:46:41,268 INFO: [*3445642437786950476] Starting extraction:
2025-06-26 13:46:41,268 INFO: 	- Extraction of Helium: 96.65910224658812/sec
2025-06-26 13:46:41,268 INFO: 	- Extraction of Ozone: 10.671684011914229/sec
2025-06-26 13:46:47,677 INFO: [*3445642437786950476] The cargo is full, stopping mining process
2025-06-26 13:46:47,912 INFO: [*3445642437786950476] Traveling to [707790686, 700433701, 3350296724], will take 1.000499875062461
2025-06-26 13:46:49,168 INFO: [!] Error during ship 3445642437786950476 cycle: Either you attempted to SELL 0 units, or you don't have any unit of this resource in your cargo
2025-06-26 13:46:49,168 INFO: Completed a cycle
2025-06-26 13:46:50,712 INFO: [*] Ship {'cargo': {'capacity': 753.826237337323, 'resources': {'Helium': 537.4243164497641, 'Ozone': 140.30311238761965}, 'usage': 753.826237337323}, 'crew': {'1055206813': {'member_type': 'Operator', 'rank': 3}, '4160156564': {'member_type': 'Pilot', 'rank': 2}}, 'fuel_tank': 2674.9660084957677, 'fuel_tank_capacity': 2695.0, 'hull_decay': 250.12496876561528, 'hull_decay_capacity': 21271.0, 'id': 3445642437786950476, 'modules': {'1': {'modtype': 'GasSucker', 'operator': 1055206813, 'rank': 1, 'totalcost': 0.0}}, 'pilot': 4160156564, 'position': [707790686, 700433701, 3350296724], 'reactor_power': 5, 'shield_power': 0, 'state': 'Idle', 'stats': {'fuel_consumption': 4.8, 'hull_usage_rate': 0.05, 'speed': 500.0}} cycle began
2025-06-26 13:46:50,757 INFO: [*3445642437786950476] Starting the Mining operation
2025-06-26 13:46:51,901 INFO: [*3445642437786950476] Targeting planet at [707790673, 700433692, 3350297224]
2025-06-26 13:46:52,104 INFO: [*3445642437786950476] Traveling to [707790673, 700433692, 3350297224], will take 1.000499875062461
2025-06-26 13:46:53,328 INFO: [*3445642437786950476] Starting extraction:
2025-06-26 13:46:53,328 INFO: 	- Extraction of Helium: 96.65910224658812/sec
2025-06-26 13:46:53,328 INFO: 	- Extraction of Ozone: 10.671684011914229/sec
2025-06-26 13:46:53,374 INFO: [*3445642437786950476] The cargo is full, stopping mining process
2025-06-26 13:46:53,733 INFO: [*3445642437786950476] Traveling to [707790686, 700433701, 3350296724], will take 1.000499875062461
2025-06-26 13:46:55,075 INFO: [*3445642437786950476] Unloaded and sold 537.4243164497641 of Helium, for 1432.07542215491 credits
2025-06-26 13:46:55,269 INFO: [*3445642437786950476] Unloaded and sold 140.30311238761965 of Ozone, for 1775.7997597783553 credits
2025-06-26 13:46:56,385 INFO: [*3445642437786950476] ALL RESSOURCES SOLD for a total of 3207.8751819332656 credits
2025-06-26 13:46:56,517 INFO: [*3445642437786950476] Current hull decay level: 300.1499625187383/21271.0
2025-06-26 13:46:56,518 INFO: [*3445642437786950476] NO REPAIRS REQUIRED - The hull plate price isn't optimal (score: 13826.150000000005)
2025-06-26 13:46:56,669 INFO: [*3445642437786950476] Bought 29.0 of fuel for 71.31019132211475
2025-06-26 13:46:56,775 INFO: [*3445642437786950476] Refilled 29.638790304832582 fuel on the ship for 71.31019132211475 credits
2025-06-26 13:46:56,776 INFO: [*3445642437786950476] Checking for ship upgrades
2025-06-26 13:46:56,972 INFO: [*3445642437786950476] Current ship cargo capacity: 753.826237337323
2025-06-26 13:46:56,972 INFO: [*3445642437786950476] Current ship reactor power: 5
2025-06-26 13:46:56,973 INFO: [LOGS] flip value = 1
2025-06-26 13:46:56,973 INFO: [*3445642437786950476] Upgrades available: {'CargoExpansion': {'description': 'Adds 100 of cargo capacity', 'price': 2000.0}, 'HullUpgrade': {'description': 'Increase the hull decay capacity by 100', 'price': 900.0}, 'ReactorUpgrade': {'description': "Increase the reactor power by 1, improves the ship's speed", 'price': 4000.0}, 'Shield': {'description': 'Reduce the damage and usure of the hull', 'price': 2500.0}}
2025-06-26 13:46:56,973 INFO: [*3445642437786950476] Considering reactor upgrade...
2025-06-26 13:46:57,030 INFO: [*3445642437786950476] Reactor upgrade bought
2025-06-26 13:46:57,031 INFO: [LOGS] flip value = 0
2025-06-26 13:46:57,031 INFO: 
2025-06-26 13:46:57,084 INFO: [*3445642437786950476] Available crew augments: {'1055206813': {'member-type': 'Operator', 'price': 4350.600214306197, 'rank': 4}, '4160156564': {'member-type': 'Pilot', 'price': 18836.13466856635, 'rank': 3}}
2025-06-26 13:46:57,085 INFO: [*3445642437786950476] Pilot at max level
2025-06-26 13:46:57,154 INFO: [*3445642437786950476] Available crew augments: {'1055206813': {'member-type': 'Operator', 'price': 4350.600214306197, 'rank': 4}, '4160156564': {'member-type': 'Pilot', 'price': 18836.13466856635, 'rank': 3}}
2025-06-26 13:46:57,202 INFO: [LOGS] rank : 4
2025-06-26 13:46:57,202 INFO: [LOGS] operator price : 4350.600214306197
2025-06-26 13:46:57,202 INFO: [LOGS] threshold : 1500
2025-06-26 13:46:57,259 INFO: [*3445642437786950476] Upgrade for Operator bought

2025-06-26 13:46:57,259 INFO: Completed a cycle
2025-06-26 13:46:57,807 INFO: [*] Ship {'cargo': {'capacity': 753.826237337323, 'resources': {'Helium': 0.0, 'Ozone': 0.0}, 'usage': 0.0}, 'crew': {'1055206813': {'member_type': 'Operator', 'rank': 4}, '4160156564': {'member_type': 'Pilot', 'rank': 2}}, 'fuel_tank': 2695.0, 'fuel_tank_capacity': 2695.0, 'hull_decay': 300.1499625187383, 'hull_decay_capacity': 21271.0, 'id': 3445642437786950476, 'modules': {'1': {'modtype': 'GasSucker', 'operator': 1055206813, 'rank': 1, 'totalcost': 0.0}}, 'pilot': 4160156564, 'position': [707790686, 700433701, 3350296724], 'reactor_power': 6, 'shield_power': 0, 'state': 'Idle', 'stats': {'fuel_consumption': 5.76, 'hull_usage_rate': 0.05, 'speed': 600.0}} cycle began
2025-06-26 13:46:57,881 INFO: [*3445642437786950476] Starting the Mining operation
2025-06-26 13:46:58,015 INFO: [*3445642437786950476] Targeting planet at [707790673, 700433692, 3350297224]
2025-06-26 13:46:58,133 INFO: [*3445642437786950476] Traveling to [707790673, 700433692, 3350297224], will take 0.8337498958853842
2025-06-26 13:46:59,130 INFO: [*3445642437786950476] Starting extraction:
2025-06-26 13:46:59,130 INFO: 	- Extraction of Helium: 114.86983549970348/sec
2025-06-26 13:46:59,130 INFO: 	- Extraction of Ozone: 16.175248249422545/sec
2025-06-26 13:47:04,398 INFO: [!] Error during ship 3445642437786950476 cycle: <urlopen error [WinError 10061] Aucune connexion n’a pu être établie car l’ordinateur cible l’a expressément refusée>
2025-06-26 13:47:04,399 INFO: Completed a cycle
2025-06-26 13:47:07,045 INFO: [!] Error during ship 3445642437786950476 cycle: <urlopen error [WinError 10061] Aucune connexion n’a pu être établie car l’ordinateur cible l’a expressément refusée>
2025-06-26 13:47:07,045 INFO: Completed a cycle
