2025-06-26 13:45:38,967 INFO: [*] Ship {'cargo': {'capacity': 408.8366855445758, 'resources': {}, 'usage': 0.0}, 'crew': {'4286108688': {'member_type': 'Pilot', 'rank': 1}}, 'fuel_tank': 517.0, 'fuel_tank_capacity': 517.0, 'hull_decay': 0.0, 'hull_decay_capacity': 24610.0, 'id': 7536173552897413271, 'modules': {}, 'pilot': 4286108688, 'position': [707790686, 700433701, 3350296724], 'reactor_power': 2, 'shield_power': 0, 'state': 'Idle', 'stats': {'fuel_consumption': 1.96, 'hull_usage_rate': 0.05, 'speed': 100.0}} cycle began
2025-06-26 13:45:39,014 INFO: [*7536173552897413271] Starting the Mining operation
2025-06-26 13:45:39,502 INFO: [*7536173552897413271] Targeting planet at [707790673, 700433692, 3350297224]
2025-06-26 13:45:39,596 INFO: [*7536173552897413271] Traveling to [707790673, 700433692, 3350297224], will take 5.002499375312305
2025-06-26 13:45:49,814 INFO: [*7536173552897413271] Starting extraction:
2025-06-26 13:45:49,814 INFO: 	- Extraction of Helium: 49.99999999999999/sec
2025-06-26 13:46:01,450 INFO: [*7536173552897413271] The cargo is full, stopping mining process
2025-06-26 13:46:01,695 INFO: [*7536173552897413271] Traveling to [707790686, 700433701, 3350296724], will take 5.002499375312305
2025-06-26 13:46:11,997 INFO: [*7536173552897413271] Unloaded and sold 545.115580726101 of Helium, for 1922.6221409839459 credits
2025-06-26 13:46:13,053 INFO: [*7536173552897413271] ALL RESSOURCES SOLD for a total of 1922.6221409839459 credits
2025-06-26 13:46:13,168 INFO: [*7536173552897413271] Current hull decay level: 50.02499375312349/24610.0
2025-06-26 13:46:13,169 INFO: [*7536173552897413271] NO REPAIRS REQUIRED - The hull plate price isn't optimal (score: 19688.0)
2025-06-26 13:46:13,308 INFO: [*7536173552897413271] Bought 19.0 of fuel for 44.03806405096197
2025-06-26 13:46:13,395 INFO: [*7536173552897413271] Refilled 19.0 fuel on the ship for 44.03806405096197 credits
2025-06-26 13:46:13,395 INFO: [*7536173552897413271] Checking for ship upgrades
2025-06-26 13:46:13,606 INFO: [*7536173552897413271] Current ship cargo capacity: 408.8366855445758
2025-06-26 13:46:13,608 INFO: [*7536173552897413271] Current ship reactor power: 2
2025-06-26 13:46:13,609 INFO: [LOGS] flip value = 0
2025-06-26 13:46:13,609 INFO: [*7536173552897413271] Upgrades available: {'CargoExpansion': {'description': 'Adds 100 of cargo capacity', 'price': 2000.0}, 'HullUpgrade': {'description': 'Increase the hull decay capacity by 100', 'price': 900.0}, 'ReactorUpgrade': {'description': "Increase the reactor power by 1, improves the ship's speed", 'price': 4000.0}, 'Shield': {'description': 'Reduce the damage and usure of the hull', 'price': 2500.0}}
2025-06-26 13:46:13,609 INFO: [*7536173552897413271] Considering cargo expansion upgrade...
2025-06-26 13:46:13,609 INFO: [*7536173552897413271] Cargo expansion upgrade too expensive or not in priority list
2025-06-26 13:46:13,609 INFO: 
2025-06-26 13:46:13,653 INFO: [*7536173552897413271] Available crew augments: {'2286166498': {'member-type': 'Operator', 'price': 1710.0, 'rank': 2}, '4286108688': {'member-type': 'Pilot', 'price': 10450.0, 'rank': 2}}
2025-06-26 13:46:13,775 INFO: [*7536173552897413271] Upgrade for Pilot bought

2025-06-26 13:46:13,837 INFO: [*7536173552897413271] Available crew augments: {'2286166498': {'member-type': 'Operator', 'price': 1710.0, 'rank': 2}, '4286108688': {'member-type': 'Pilot', 'price': 18836.13466856635, 'rank': 3}}
2025-06-26 13:46:13,896 INFO: [LOGS] rank : 2
2025-06-26 13:46:13,896 INFO: [LOGS] operator price : 1710.0
2025-06-26 13:46:13,896 INFO: [LOGS] threshold : 800
2025-06-26 13:46:13,959 INFO: [*7536173552897413271] Upgrade for Operator bought

2025-06-26 13:46:13,959 INFO: Completed a cycle
2025-06-26 13:46:14,505 INFO: [*] Ship {'cargo': {'capacity': 408.8366855445758, 'resources': {'Helium': 0.0}, 'usage': 0.0}, 'crew': {'2286166498': {'member_type': 'Operator', 'rank': 2}, '4286108688': {'member_type': 'Pilot', 'rank': 2}}, 'fuel_tank': 516.3902024487716, 'fuel_tank_capacity': 517.0, 'hull_decay': 50.02499375312349, 'hull_decay_capacity': 24610.0, 'id': 7536173552897413271, 'modules': {'1': {'modtype': 'GasSucker', 'operator': 2286166498, 'rank': 1, 'totalcost': 0.0}}, 'pilot': 4286108688, 'position': [707790686, 700433701, 3350296724], 'reactor_power': 2, 'shield_power': 0, 'state': 'Idle', 'stats': {'fuel_consumption': 1.92, 'hull_usage_rate': 0.05, 'speed': 200.0}} cycle began
2025-06-26 13:46:14,582 INFO: [*7536173552897413271] Starting the Mining operation
2025-06-26 13:46:14,733 INFO: [*7536173552897413271] Targeting planet at [707790673, 700433692, 3350297224]
2025-06-26 13:46:14,926 INFO: [*7536173552897413271] Traveling to [707790673, 700433692, 3350297224], will take 2.5012496876561525
2025-06-26 13:46:20,128 INFO: [*7536173552897413271] Starting extraction:
2025-06-26 13:46:20,128 INFO: 	- Extraction of Helium: 75.7858283255199/sec
2025-06-26 13:46:28,479 INFO: [*7536173552897413271] The cargo is full, stopping mining process
2025-06-26 13:46:28,736 INFO: [*7536173552897413271] Traveling to [707790686, 700433701, 3350296724], will take 2.5012496876561525
2025-06-26 13:46:34,096 INFO: [*7536173552897413271] Unloaded and sold 545.1155807260934 of Helium, for 1792.3669290165076 credits
2025-06-26 13:46:35,141 INFO: [*7536173552897413271] ALL RESSOURCES SOLD for a total of 1792.3669290165076 credits
2025-06-26 13:46:35,243 INFO: [*7536173552897413271] Current hull decay level: 100.04998750624725/24610.0
2025-06-26 13:46:35,243 INFO: [*7536173552897413271] NO REPAIRS REQUIRED - The hull plate price isn't optimal (score: 22149.0)
2025-06-26 13:46:35,409 INFO: [*7536173552897413271] Bought 10.0 of fuel for 28.571756678436177
2025-06-26 13:46:35,505 INFO: [*7536173552897413271] Refilled 10.0 fuel on the ship for 28.571756678436177 credits
2025-06-26 13:46:35,506 INFO: [*7536173552897413271] Checking for ship upgrades
2025-06-26 13:46:35,727 INFO: [*7536173552897413271] Current ship cargo capacity: 408.8366855445758
2025-06-26 13:46:35,727 INFO: [*7536173552897413271] Current ship reactor power: 2
2025-06-26 13:46:35,727 INFO: [LOGS] flip value = 0
2025-06-26 13:46:35,727 INFO: [*7536173552897413271] Upgrades available: {'CargoExpansion': {'description': 'Adds 100 of cargo capacity', 'price': 2000.0}, 'HullUpgrade': {'description': 'Increase the hull decay capacity by 100', 'price': 900.0}, 'ReactorUpgrade': {'description': "Increase the reactor power by 1, improves the ship's speed", 'price': 4000.0}, 'Shield': {'description': 'Reduce the damage and usure of the hull', 'price': 2500.0}}
2025-06-26 13:46:35,727 INFO: [*7536173552897413271] Considering cargo expansion upgrade...
2025-06-26 13:46:35,798 INFO: [*7536173552897413271] Cargo expansion upgrade bought
2025-06-26 13:46:35,798 INFO: [LOGS] flip value = 1
2025-06-26 13:46:35,798 INFO: 
2025-06-26 13:46:35,858 INFO: [*7536173552897413271] Available crew augments: {'2286166498': {'member-type': 'Operator', 'price': 3082.2765821290395, 'rank': 3}, '4286108688': {'member-type': 'Pilot', 'price': 18836.13466856635, 'rank': 3}}
2025-06-26 13:46:35,859 INFO: [*7536173552897413271] Pilot at max level
2025-06-26 13:46:35,922 INFO: [*7536173552897413271] Available crew augments: {'2286166498': {'member-type': 'Operator', 'price': 3082.2765821290395, 'rank': 3}, '4286108688': {'member-type': 'Pilot', 'price': 18836.13466856635, 'rank': 3}}
2025-06-26 13:46:35,984 INFO: [LOGS] rank : 3
2025-06-26 13:46:35,984 INFO: [LOGS] operator price : 3082.2765821290395
2025-06-26 13:46:35,985 INFO: [LOGS] threshold : 1000
2025-06-26 13:46:36,027 INFO: [*7536173552897413271] Upgrade for Operator bought

2025-06-26 13:46:36,028 INFO: Completed a cycle
2025-06-26 13:46:36,573 INFO: [*] Ship {'cargo': {'capacity': 508.8366855445758, 'resources': {'Helium': 0.0}, 'usage': 0.0}, 'crew': {'2286166498': {'member_type': 'Operator', 'rank': 3}, '4286108688': {'member_type': 'Pilot', 'rank': 2}}, 'fuel_tank': 516.7854036481659, 'fuel_tank_capacity': 517.0, 'hull_decay': 100.04998750624725, 'hull_decay_capacity': 24610.0, 'id': 7536173552897413271, 'modules': {'1': {'modtype': 'GasSucker', 'operator': 2286166498, 'rank': 1, 'totalcost': 0.0}}, 'pilot': 4286108688, 'position': [707790686, 700433701, 3350296724], 'reactor_power': 2, 'shield_power': 0, 'state': 'Idle', 'stats': {'fuel_consumption': 1.92, 'hull_usage_rate': 0.05, 'speed': 200.0}} cycle began
2025-06-26 13:46:36,633 INFO: [*7536173552897413271] Starting the Mining operation
2025-06-26 13:46:36,777 INFO: [*7536173552897413271] Targeting planet at [707790673, 700433692, 3350297224]
2025-06-26 13:46:36,901 INFO: [*7536173552897413271] Traveling to [707790673, 700433692, 3350297224], will take 2.5012496876561525
2025-06-26 13:46:42,116 INFO: [*7536173552897413271] Starting extraction:
2025-06-26 13:46:42,116 INFO: 	- Extraction of Helium: 96.65910224658812/sec
2025-06-26 13:46:42,116 INFO: 	- Extraction of Ozone: 10.671684011914229/sec
2025-06-26 13:46:49,508 INFO: [*7536173552897413271] The cargo is full, stopping mining process
2025-06-26 13:46:49,767 INFO: [*7536173552897413271] Traveling to [707790686, 700433701, 3350296724], will take 2.5012496876561525
2025-06-26 13:46:55,091 INFO: [*7536173552897413271] Unloaded and sold 496.3188402560973 of Helium, for 1316.9029628634507 credits
2025-06-26 13:46:55,272 INFO: [*7536173552897413271] Unloaded and sold 54.639022141000666 of Ozone, for 688.3785512199765 credits
2025-06-26 13:46:56,402 INFO: [*7536173552897413271] ALL RESSOURCES SOLD for a total of 2005.2815140834273 credits
2025-06-26 13:46:56,538 INFO: [*7536173552897413271] Current hull decay level: 150.07498125936945/24610.0
2025-06-26 13:46:56,538 INFO: [*7536173552897413271] NO REPAIRS REQUIRED - The hull plate price isn't optimal (score: 15996.5)
2025-06-26 13:46:56,671 INFO: [*7536173552897413271] Bought 9.0 of fuel for 22.133833739164093
2025-06-26 13:46:56,800 INFO: [*7536173552897413271] Refilled 8.146613343321405 fuel on the ship for 22.133833739164093 credits
2025-06-26 13:46:56,800 INFO: [*7536173552897413271] Checking for ship upgrades
2025-06-26 13:46:57,014 INFO: [*7536173552897413271] Current ship cargo capacity: 508.8366855445758
2025-06-26 13:46:57,014 INFO: [*7536173552897413271] Current ship reactor power: 2
2025-06-26 13:46:57,014 INFO: [LOGS] flip value = 1
2025-06-26 13:46:57,014 INFO: [*7536173552897413271] Upgrades available: {'CargoExpansion': {'description': 'Adds 100 of cargo capacity', 'price': 2000.0}, 'HullUpgrade': {'description': 'Increase the hull decay capacity by 100', 'price': 900.0}, 'ReactorUpgrade': {'description': "Increase the reactor power by 1, improves the ship's speed", 'price': 4000.0}, 'Shield': {'description': 'Reduce the damage and usure of the hull', 'price': 2500.0}}
2025-06-26 13:46:57,014 INFO: [*7536173552897413271] Considering reactor upgrade...
2025-06-26 13:46:57,086 INFO: [*7536173552897413271] Reactor upgrade bought
2025-06-26 13:46:57,087 INFO: [LOGS] flip value = 0
2025-06-26 13:46:57,087 INFO: 
2025-06-26 13:46:57,132 INFO: [*7536173552897413271] Available crew augments: {'2286166498': {'member-type': 'Operator', 'price': 4350.600214306197, 'rank': 4}, '4286108688': {'member-type': 'Pilot', 'price': 18836.13466856635, 'rank': 3}}
2025-06-26 13:46:57,132 INFO: [*7536173552897413271] Pilot at max level
2025-06-26 13:46:57,177 INFO: [*7536173552897413271] Available crew augments: {'2286166498': {'member-type': 'Operator', 'price': 4350.600214306197, 'rank': 4}, '4286108688': {'member-type': 'Pilot', 'price': 18836.13466856635, 'rank': 3}}
2025-06-26 13:46:57,249 INFO: [LOGS] rank : 4
2025-06-26 13:46:57,249 INFO: [LOGS] operator price : 4350.600214306197
2025-06-26 13:46:57,249 INFO: [LOGS] threshold : 1500
2025-06-26 13:46:57,299 INFO: [*7536173552897413271] Upgrade for Operator bought

2025-06-26 13:46:57,300 INFO: Completed a cycle
2025-06-26 13:46:57,857 INFO: [*] Ship {'cargo': {'capacity': 508.8366855445758, 'resources': {'Helium': 0.0, 'Ozone': 0.0}, 'usage': 0.0}, 'crew': {'2286166498': {'member_type': 'Operator', 'rank': 4}, '4286108688': {'member_type': 'Pilot', 'rank': 2}}, 'fuel_tank': 515.3272181908817, 'fuel_tank_capacity': 517.0, 'hull_decay': 150.07498125936945, 'hull_decay_capacity': 24610.0, 'id': 7536173552897413271, 'modules': {'1': {'modtype': 'GasSucker', 'operator': 2286166498, 'rank': 1, 'totalcost': 0.0}}, 'pilot': 4286108688, 'position': [707790686, 700433701, 3350296724], 'reactor_power': 3, 'shield_power': 0, 'state': 'Idle', 'stats': {'fuel_consumption': 2.88, 'hull_usage_rate': 0.05, 'speed': 300.0}} cycle began
2025-06-26 13:46:57,903 INFO: [*7536173552897413271] Starting the Mining operation
2025-06-26 13:46:58,034 INFO: [*7536173552897413271] Targeting planet at [707790673, 700433692, 3350297224]
2025-06-26 13:46:58,150 INFO: [*7536173552897413271] Traveling to [707790673, 700433692, 3350297224], will take 1.6674997917707683
2025-06-26 13:46:59,972 INFO: [*7536173552897413271] Starting extraction:
2025-06-26 13:46:59,972 INFO: 	- Extraction of Helium: 114.86983549970348/sec
2025-06-26 13:46:59,972 INFO: 	- Extraction of Ozone: 16.175248249422545/sec
2025-06-26 13:47:04,216 INFO: [!] Error during ship 7536173552897413271 cycle: <urlopen error [WinError 10061] Aucune connexion n’a pu être établie car l’ordinateur cible l’a expressément refusée>
2025-06-26 13:47:04,218 INFO: Completed a cycle
2025-06-26 13:47:06,842 INFO: [!] Error during ship 7536173552897413271 cycle: <urlopen error [WinError 10061] Aucune connexion n’a pu être établie car l’ordinateur cible l’a expressément refusée>
2025-06-26 13:47:06,842 INFO: Completed a cycle
