2025-06-26 13:44:46,972 INFO: [*] Ship {'cargo': {'capacity': 189.79839137092665, 'resources': {}, 'usage': 0.0}, 'crew': {'3279591314': {'member_type': 'Pilot', 'rank': 1}}, 'fuel_tank': 9034.0, 'fuel_tank_capacity': 9034.0, 'hull_decay': 0.0, 'hull_decay_capacity': 5384.0, 'id': 6283487911805021828, 'modules': {}, 'pilot': 3279591314, 'position': [44595916, 2679037398, 3479964711], 'reactor_power': 4, 'shield_power': 0, 'state': 'Idle', 'stats': {'fuel_consumption': 3.92, 'hull_usage_rate': 0.05, 'speed': 200.0}} cycle began
2025-06-26 13:44:47,058 INFO: [*6283487911805021828] Starting the Mining operation
2025-06-26 13:44:47,607 INFO: [*6283487911805021828] Targeting planet at [44595663, 2679037401, 3479964280]
2025-06-26 13:44:47,731 INFO: [*6283487911805021828] Traveling to [44595663, 2679037401, 3479964280], will take 2.498894755687002
2025-06-26 13:44:52,916 INFO: [*6283487911805021828] Starting extraction:
2025-06-26 13:44:52,916 INFO: 	- Extraction of Helium: 49.99999999999999/sec
2025-06-26 13:44:59,233 INFO: [*6283487911805021828] The cargo is full, stopping mining process
2025-06-26 13:44:59,508 INFO: [*6283487911805021828] Traveling to [44595916, 2679037398, 3479964711], will take 2.498894755687002
2025-06-26 13:45:04,824 INFO: [*6283487911805021828] Unloaded and sold 253.0645218279022 of Helium, for 1225.6049535613856 credits
2025-06-26 13:45:05,868 INFO: [*6283487911805021828] ALL RESSOURCES SOLD for a total of 1225.6049535613856 credits
2025-06-26 13:45:05,978 INFO: [*6283487911805021828] Current hull decay level: 49.9778951137402/5384.0
2025-06-26 13:45:05,978 INFO: [*6283487911805021828] NO REPAIRS REQUIRED - The hull plate price isn't optimal (score: 2961.2000000000016)
2025-06-26 13:45:06,131 INFO: [*6283487911805021828] Bought 19.0 of fuel for 51.87323687306922
2025-06-26 13:45:06,255 INFO: [*6283487911805021828] Refilled 19.0 fuel on the ship for 51.87323687306922 credits
2025-06-26 13:45:06,255 INFO: [*6283487911805021828] Checking for ship upgrades
2025-06-26 13:45:06,445 INFO: [*6283487911805021828] Current ship cargo capacity: 189.79839137092665
2025-06-26 13:45:06,445 INFO: [*6283487911805021828] Current ship reactor power: 4
2025-06-26 13:45:06,445 INFO: [LOGS] flip value = 0
2025-06-26 13:45:06,446 INFO: [*6283487911805021828] Upgrades available: {'CargoExpansion': {'description': 'Adds 100 of cargo capacity', 'price': 2000.0}, 'HullUpgrade': {'description': 'Increase the hull decay capacity by 100', 'price': 900.0}, 'ReactorUpgrade': {'description': "Increase the reactor power by 1, improves the ship's speed", 'price': 4000.0}, 'Shield': {'description': 'Reduce the damage and usure of the hull', 'price': 2500.0}}
2025-06-26 13:45:06,446 INFO: [*6283487911805021828] Considering cargo expansion upgrade...
2025-06-26 13:45:06,486 INFO: [*6283487911805021828] Cargo expansion upgrade bought
2025-06-26 13:45:06,486 INFO: [LOGS] flip value = 1
2025-06-26 13:45:06,486 INFO: 
2025-06-26 13:45:06,545 INFO: [*6283487911805021828] Available crew augments: {'3279591314': {'member-type': 'Pilot', 'price': 10450.0, 'rank': 2}, '384909702': {'member-type': 'Operator', 'price': 1710.0, 'rank': 2}}
2025-06-26 13:45:06,637 INFO: [*6283487911805021828] Upgrade for Pilot bought

2025-06-26 13:45:06,682 INFO: [*6283487911805021828] Available crew augments: {'3279591314': {'member-type': 'Pilot', 'price': 18836.13466856635, 'rank': 3}, '384909702': {'member-type': 'Operator', 'price': 1710.0, 'rank': 2}}
2025-06-26 13:45:06,723 INFO: [LOGS] rank : 2
2025-06-26 13:45:06,723 INFO: [LOGS] operator price : 1710.0
2025-06-26 13:45:06,723 INFO: [LOGS] threshold : 800
2025-06-26 13:45:06,778 INFO: [*6283487911805021828] Upgrade for Operator bought

2025-06-26 13:45:06,779 INFO: Completed a cycle
2025-06-26 13:45:07,345 INFO: [*] Ship {'cargo': {'capacity': 289.79839137092665, 'resources': {'Helium': 0.0}, 'usage': 0.0}, 'crew': {'3279591314': {'member_type': 'Pilot', 'rank': 2}, '384909702': {'member_type': 'Operator', 'rank': 2}}, 'fuel_tank': 9033.408665115334, 'fuel_tank_capacity': 9034.0, 'hull_decay': 49.9778951137402, 'hull_decay_capacity': 5384.0, 'id': 6283487911805021828, 'modules': {'1': {'modtype': 'GasSucker', 'operator': 384909702, 'rank': 1, 'totalcost': 0.0}}, 'pilot': 3279591314, 'position': [44595916, 2679037398, 3479964711], 'reactor_power': 4, 'shield_power': 0, 'state': 'Idle', 'stats': {'fuel_consumption': 3.84, 'hull_usage_rate': 0.05, 'speed': 400.0}} cycle began
2025-06-26 13:45:07,389 INFO: [*6283487911805021828] Starting the Mining operation
2025-06-26 13:45:07,535 INFO: [*6283487911805021828] Targeting planet at [44595663, 2679037401, 3479964280]
2025-06-26 13:45:07,621 INFO: [*6283487911805021828] Traveling to [44595663, 2679037401, 3479964280], will take 1.249447377843501
2025-06-26 13:45:09,010 INFO: [*6283487911805021828] Starting extraction:
2025-06-26 13:45:09,011 INFO: 	- Extraction of Helium: 75.7858283255199/sec
2025-06-26 13:45:15,374 INFO: [*6283487911805021828] The cargo is full, stopping mining process
2025-06-26 13:45:15,656 INFO: [*6283487911805021828] Traveling to [44595916, 2679037398, 3479964711], will take 1.249447377843501
2025-06-26 13:45:17,133 INFO: [*6283487911805021828] Unloaded and sold 386.39785516123186 of Helium, for 1733.7654164739538 credits
2025-06-26 13:45:18,177 INFO: [*6283487911805021828] ALL RESSOURCES SOLD for a total of 1733.7654164739538 credits
2025-06-26 13:45:18,272 INFO: [*6283487911805021828] Current hull decay level: 99.95579022748069/5384.0
2025-06-26 13:45:18,272 INFO: [*6283487911805021828] NO REPAIRS REQUIRED - The hull plate price isn't optimal (score: 1884.4000000000021)
2025-06-26 13:45:18,437 INFO: [*6283487911805021828] Bought 10.0 of fuel for 22.269979576673656
2025-06-26 13:45:18,539 INFO: [*6283487911805021828] Refilled 10.0 fuel on the ship for 22.269979576673656 credits
2025-06-26 13:45:18,539 INFO: [*6283487911805021828] Checking for ship upgrades
2025-06-26 13:45:18,781 INFO: [*6283487911805021828] Current ship cargo capacity: 289.79839137092665
2025-06-26 13:45:18,781 INFO: [*6283487911805021828] Current ship reactor power: 4
2025-06-26 13:45:18,783 INFO: [LOGS] flip value = 1
2025-06-26 13:45:18,783 INFO: [*6283487911805021828] Upgrades available: {'CargoExpansion': {'description': 'Adds 100 of cargo capacity', 'price': 2000.0}, 'HullUpgrade': {'description': 'Increase the hull decay capacity by 100', 'price': 900.0}, 'ReactorUpgrade': {'description': "Increase the reactor power by 1, improves the ship's speed", 'price': 4000.0}, 'Shield': {'description': 'Reduce the damage and usure of the hull', 'price': 2500.0}}
2025-06-26 13:45:18,783 INFO: [*6283487911805021828] Considering reactor upgrade...
2025-06-26 13:45:18,824 INFO: [*6283487911805021828] Reactor upgrade bought
2025-06-26 13:45:18,824 INFO: [LOGS] flip value = 0
2025-06-26 13:45:18,824 INFO: 
2025-06-26 13:45:18,867 INFO: [*6283487911805021828] Available crew augments: {'3279591314': {'member-type': 'Pilot', 'price': 18836.13466856635, 'rank': 3}, '384909702': {'member-type': 'Operator', 'price': 3082.2765821290395, 'rank': 3}}
2025-06-26 13:45:18,867 INFO: [*6283487911805021828] Pilot at max level
2025-06-26 13:45:18,934 INFO: [*6283487911805021828] Available crew augments: {'3279591314': {'member-type': 'Pilot', 'price': 18836.13466856635, 'rank': 3}, '384909702': {'member-type': 'Operator', 'price': 3082.2765821290395, 'rank': 3}}
2025-06-26 13:45:18,978 INFO: [LOGS] rank : 3
2025-06-26 13:45:18,978 INFO: [LOGS] operator price : 3082.2765821290395
2025-06-26 13:45:18,978 INFO: [LOGS] threshold : 1000
2025-06-26 13:45:19,039 INFO: [*6283487911805021828] Upgrade for Operator bought

2025-06-26 13:45:19,039 INFO: Completed a cycle
2025-06-26 13:45:19,583 INFO: [*] Ship {'cargo': {'capacity': 289.79839137092665, 'resources': {'Helium': 0.0}, 'usage': 0.0}, 'crew': {'3279591314': {'member_type': 'Pilot', 'rank': 2}, '384909702': {'member_type': 'Operator', 'rank': 3}}, 'fuel_tank': 9033.812909253404, 'fuel_tank_capacity': 9034.0, 'hull_decay': 99.95579022748069, 'hull_decay_capacity': 5384.0, 'id': 6283487911805021828, 'modules': {'1': {'modtype': 'GasSucker', 'operator': 384909702, 'rank': 1, 'totalcost': 0.0}}, 'pilot': 3279591314, 'position': [44595916, 2679037398, 3479964711], 'reactor_power': 5, 'shield_power': 0, 'state': 'Idle', 'stats': {'fuel_consumption': 4.8, 'hull_usage_rate': 0.05, 'speed': 500.0}} cycle began
2025-06-26 13:45:19,642 INFO: [*6283487911805021828] Starting the Mining operation
2025-06-26 13:45:19,814 INFO: [*6283487911805021828] Targeting planet at [44595663, 2679037401, 3479964280]
2025-06-26 13:45:19,902 INFO: [*6283487911805021828] Traveling to [44595663, 2679037401, 3479964280], will take 0.9995579022748007
2025-06-26 13:45:21,027 INFO: [*6283487911805021828] Starting extraction:
2025-06-26 13:45:21,028 INFO: 	- Extraction of Helium: 96.65910224658812/sec
2025-06-26 13:45:21,028 INFO: 	- Extraction of Ozone: 10.671684011914229/sec
2025-06-26 13:45:24,196 INFO: [*6283487911805021828] The cargo is full, stopping mining process
2025-06-26 13:45:24,460 INFO: [*6283487911805021828] Traveling to [44595916, 2679037398, 3479964711], will take 0.9995579022748007
2025-06-26 13:45:25,745 INFO: [*6283487911805021828] Unloaded and sold 282.5267974452716 of Helium, for 1005.4916425668118 credits
2025-06-26 13:45:25,855 INFO: [*6283487911805021828] Unloaded and sold 31.161317314789642 of Ozone, for 554.867030938764 credits
2025-06-26 13:45:26,911 INFO: [*6283487911805021828] ALL RESSOURCES SOLD for a total of 1560.3586735055758 credits
2025-06-26 13:45:27,021 INFO: [*6283487911805021828] Current hull decay level: 149.93368534122072/5384.0
2025-06-26 13:45:27,022 INFO: [*6283487911805021828] NO REPAIRS REQUIRED - The hull plate price isn't optimal (score: 1346.000000000002)
2025-06-26 13:45:27,163 INFO: [*6283487911805021828] Bought 9.0 of fuel for 20.697383374035198
2025-06-26 13:45:27,249 INFO: [*6283487911805021828] Refilled 9.0 fuel on the ship for 20.697383374035198 credits
2025-06-26 13:45:27,249 INFO: [*6283487911805021828] Checking for ship upgrades
2025-06-26 13:45:27,480 INFO: [*6283487911805021828] Current ship cargo capacity: 289.79839137092665
2025-06-26 13:45:27,480 INFO: [*6283487911805021828] Current ship reactor power: 5
2025-06-26 13:45:27,480 INFO: [LOGS] flip value = 0
2025-06-26 13:45:27,480 INFO: [*6283487911805021828] Upgrades available: {'CargoExpansion': {'description': 'Adds 100 of cargo capacity', 'price': 2000.0}, 'HullUpgrade': {'description': 'Increase the hull decay capacity by 100', 'price': 900.0}, 'ReactorUpgrade': {'description': "Increase the reactor power by 1, improves the ship's speed", 'price': 4000.0}, 'Shield': {'description': 'Reduce the damage and usure of the hull', 'price': 2500.0}}
2025-06-26 13:45:27,480 INFO: [*6283487911805021828] Considering cargo expansion upgrade...
2025-06-26 13:45:27,542 INFO: [*6283487911805021828] Cargo expansion upgrade bought
2025-06-26 13:45:27,542 INFO: [LOGS] flip value = 1
2025-06-26 13:45:27,542 INFO: 
2025-06-26 13:45:27,605 INFO: [*6283487911805021828] Available crew augments: {'3279591314': {'member-type': 'Pilot', 'price': 18836.13466856635, 'rank': 3}, '384909702': {'member-type': 'Operator', 'price': 4350.600214306197, 'rank': 4}}
2025-06-26 13:45:27,605 INFO: [*6283487911805021828] Pilot at max level
2025-06-26 13:45:27,665 INFO: [*6283487911805021828] Available crew augments: {'3279591314': {'member-type': 'Pilot', 'price': 18836.13466856635, 'rank': 3}, '384909702': {'member-type': 'Operator', 'price': 4350.600214306197, 'rank': 4}}
2025-06-26 13:45:27,728 INFO: [LOGS] rank : 4
2025-06-26 13:45:27,729 INFO: [LOGS] operator price : 4350.600214306197
2025-06-26 13:45:27,729 INFO: [LOGS] threshold : 1500
2025-06-26 13:45:27,802 INFO: [*6283487911805021828] Upgrade for Operator bought

2025-06-26 13:45:27,802 INFO: Completed a cycle
2025-06-26 13:45:28,349 INFO: [*] Ship {'cargo': {'capacity': 389.79839137092665, 'resources': {'Helium': 0.0, 'Ozone': 0.0}, 'usage': 0.0}, 'crew': {'3279591314': {'member_type': 'Pilot', 'rank': 2}, '384909702': {'member_type': 'Operator', 'rank': 4}}, 'fuel_tank': 9033.217153391608, 'fuel_tank_capacity': 9034.0, 'hull_decay': 149.93368534122072, 'hull_decay_capacity': 5384.0, 'id': 6283487911805021828, 'modules': {'1': {'modtype': 'GasSucker', 'operator': 384909702, 'rank': 1, 'totalcost': 0.0}}, 'pilot': 3279591314, 'position': [44595916, 2679037398, 3479964711], 'reactor_power': 5, 'shield_power': 0, 'state': 'Idle', 'stats': {'fuel_consumption': 4.8, 'hull_usage_rate': 0.05, 'speed': 500.0}} cycle began
2025-06-26 13:45:28,393 INFO: [*6283487911805021828] Starting the Mining operation
2025-06-26 13:45:28,681 INFO: [*6283487911805021828] Targeting planet at [44595663, 2679037401, 3479964280]
2025-06-26 13:45:28,876 INFO: [*6283487911805021828] Traveling to [44595663, 2679037401, 3479964280], will take 0.9995579022748007
2025-06-26 13:45:30,057 INFO: [*6283487911805021828] Starting extraction:
2025-06-26 13:45:30,057 INFO: 	- Extraction of Helium: 114.86983549970348/sec
2025-06-26 13:45:30,057 INFO: 	- Extraction of Ozone: 16.175248249422545/sec
2025-06-26 13:45:34,291 INFO: [*6283487911805021828] The cargo is full, stopping mining process
2025-06-26 13:45:34,527 INFO: [*6283487911805021828] Traveling to [44595916, 2679037398, 3479964711], will take 0.9995579022748007
2025-06-26 13:45:35,775 INFO: [*6283487911805021828] Unloaded and sold 353.79909333908734 of Helium, for 1181.2789976677955 credits
2025-06-26 13:45:35,880 INFO: [*6283487911805021828] Unloaded and sold 0.5561865710585394 of Ozone, for 8.295364523332598 credits
2025-06-26 13:45:37,021 INFO: [*6283487911805021828] Unloaded and sold 49.2234419755855 of Ozone, for 785.3846364840236 credits
2025-06-26 13:45:38,064 INFO: [*6283487911805021828] ALL RESSOURCES SOLD for a total of 1974.9589986751516 credits
2025-06-26 13:45:38,147 INFO: [*6283487911805021828] Current hull decay level: 199.91158045496076/5384.0
2025-06-26 13:45:38,147 INFO: [*6283487911805021828] NO REPAIRS REQUIRED - The hull plate price isn't optimal (score: 1346.000000000002)
2025-06-26 13:45:38,315 INFO: [*6283487911805021828] Bought 10.0 of fuel for 20.80248647585453
2025-06-26 13:45:38,427 INFO: [*6283487911805021828] Refilled 10.0 fuel on the ship for 20.80248647585453 credits
2025-06-26 13:45:38,427 INFO: [*6283487911805021828] Checking for ship upgrades
2025-06-26 13:45:38,618 INFO: [*6283487911805021828] Current ship cargo capacity: 389.79839137092665
2025-06-26 13:45:38,618 INFO: [*6283487911805021828] Current ship reactor power: 5
2025-06-26 13:45:38,618 INFO: [LOGS] flip value = 1
2025-06-26 13:45:38,618 INFO: [*6283487911805021828] Upgrades available: {'CargoExpansion': {'description': 'Adds 100 of cargo capacity', 'price': 2000.0}, 'HullUpgrade': {'description': 'Increase the hull decay capacity by 100', 'price': 900.0}, 'ReactorUpgrade': {'description': "Increase the reactor power by 1, improves the ship's speed", 'price': 4000.0}, 'Shield': {'description': 'Reduce the damage and usure of the hull', 'price': 2500.0}}
2025-06-26 13:45:38,619 INFO: [*6283487911805021828] Considering reactor upgrade...
2025-06-26 13:45:38,660 INFO: [*6283487911805021828] Reactor upgrade bought
2025-06-26 13:45:38,660 INFO: [LOGS] flip value = 0
2025-06-26 13:45:38,660 INFO: 
2025-06-26 13:45:38,707 INFO: [*6283487911805021828] Available crew augments: {'3279591314': {'member-type': 'Pilot', 'price': 18836.13466856635, 'rank': 3}, '384909702': {'member-type': 'Operator', 'price': 5555.8063910766505, 'rank': 5}}
2025-06-26 13:45:38,707 INFO: [*6283487911805021828] Pilot at max level
2025-06-26 13:45:38,752 INFO: [*6283487911805021828] Available crew augments: {'3279591314': {'member-type': 'Pilot', 'price': 18836.13466856635, 'rank': 3}, '384909702': {'member-type': 'Operator', 'price': 5555.8063910766505, 'rank': 5}}
2025-06-26 13:45:38,797 INFO: [LOGS] rank : 5
2025-06-26 13:45:38,797 INFO: [LOGS] operator price : 5555.8063910766505
2025-06-26 13:45:38,797 INFO: [LOGS] threshold : 2000
2025-06-26 13:45:38,840 INFO: [*6283487911805021828] Upgrade for Operator bought

2025-06-26 13:45:38,840 INFO: Completed a cycle
2025-06-26 13:45:39,389 INFO: [*] Ship {'cargo': {'capacity': 389.79839137092665, 'resources': {'Helium': 0.0, 'Ozone': 0.0}, 'usage': 0.0}, 'crew': {'3279591314': {'member_type': 'Pilot', 'rank': 2}, '384909702': {'member_type': 'Operator', 'rank': 5}}, 'fuel_tank': 9033.621397529812, 'fuel_tank_capacity': 9034.0, 'hull_decay': 199.91158045496076, 'hull_decay_capacity': 5384.0, 'id': 6283487911805021828, 'modules': {'1': {'modtype': 'GasSucker', 'operator': 384909702, 'rank': 1, 'totalcost': 0.0}}, 'pilot': 3279591314, 'position': [44595916, 2679037398, 3479964711], 'reactor_power': 6, 'shield_power': 0, 'state': 'Idle', 'stats': {'fuel_consumption': 5.76, 'hull_usage_rate': 0.05, 'speed': 600.0}} cycle began
2025-06-26 13:45:39,437 INFO: [*6283487911805021828] Starting the Mining operation
2025-06-26 13:45:39,579 INFO: [*6283487911805021828] Targeting planet at [44595663, 2679037401, 3479964280]
2025-06-26 13:45:39,675 INFO: [*6283487911805021828] Traveling to [44595663, 2679037401, 3479964280], will take 0.8329649185623339
2025-06-26 13:45:40,685 INFO: [*6283487911805021828] Starting extraction:
2025-06-26 13:45:40,685 INFO: 	- Extraction of Helium: 131.32639022018836/sec
2025-06-26 13:45:40,685 INFO: 	- Extraction of Ozone: 20.63030792101795/sec
2025-06-26 13:45:43,856 INFO: [*6283487911805021828] The cargo is full, stopping mining process
2025-06-26 13:45:45,087 INFO: [*6283487911805021828] Traveling to [44595916, 2679037398, 3479964711], will take 0.8329649185623339
2025-06-26 13:45:46,231 INFO: [*6283487911805021828] Unloaded and sold 341.4486145724903 of Helium, for 849.2854280220665 credits
2025-06-26 13:45:46,328 INFO: [*6283487911805021828] Unloaded and sold 53.48477217662334 of Ozone, for 653.7258287247671 credits
2025-06-26 13:45:47,373 INFO: [*6283487911805021828] ALL RESSOURCES SOLD for a total of 1503.0112567468336 credits
2025-06-26 13:45:47,488 INFO: [*6283487911805021828] Current hull decay level: 249.88947556870033/5384.0
2025-06-26 13:45:47,488 INFO: [*6283487911805021828] REPAIRS REQUIRED - The hull plate price is optimal (score: 1.9326762412674725e-12)
2025-06-26 13:45:47,672 INFO: [*6283487911805021828] Bought 249.0 of hull plates for 180.48805335052725
2025-06-26 13:45:47,759 INFO: [*6283487911805021828] Repaired 249.0 hull plates on the ship
2025-06-26 13:45:47,891 INFO: [*6283487911805021828] Bought 9.0 of fuel for 20.23773460976447
2025-06-26 13:45:47,981 INFO: [*6283487911805021828] Refilled 9.0 fuel on the ship for 20.23773460976447 credits
2025-06-26 13:45:47,982 INFO: [*6283487911805021828] Checking for ship upgrades
2025-06-26 13:45:48,155 INFO: [*6283487911805021828] Current ship cargo capacity: 389.79839137092665
2025-06-26 13:45:48,155 INFO: [*6283487911805021828] Current ship reactor power: 6
2025-06-26 13:45:48,155 INFO: [LOGS] flip value = 0
2025-06-26 13:45:48,155 INFO: [*6283487911805021828] Upgrades available: {'CargoExpansion': {'description': 'Adds 100 of cargo capacity', 'price': 2000.0}, 'HullUpgrade': {'description': 'Increase the hull decay capacity by 100', 'price': 900.0}, 'ReactorUpgrade': {'description': "Increase the reactor power by 1, improves the ship's speed", 'price': 4000.0}, 'Shield': {'description': 'Reduce the damage and usure of the hull', 'price': 2500.0}}
2025-06-26 13:45:48,155 INFO: [*6283487911805021828] Considering cargo expansion upgrade...
2025-06-26 13:45:48,207 INFO: [*6283487911805021828] Cargo expansion upgrade bought
2025-06-26 13:45:48,207 INFO: [LOGS] flip value = 1
2025-06-26 13:45:48,208 INFO: 
2025-06-26 13:45:48,269 INFO: [*6283487911805021828] Available crew augments: {'3279591314': {'member-type': 'Pilot', 'price': 18836.13466856635, 'rank': 3}, '384909702': {'member-type': 'Operator', 'price': 6716.153508481585, 'rank': 6}}
2025-06-26 13:45:48,270 INFO: [*6283487911805021828] Pilot at max level
2025-06-26 13:45:48,312 INFO: [*6283487911805021828] Available crew augments: {'3279591314': {'member-type': 'Pilot', 'price': 18836.13466856635, 'rank': 3}, '384909702': {'member-type': 'Operator', 'price': 6716.153508481585, 'rank': 6}}
2025-06-26 13:45:48,362 INFO: [LOGS] rank : 6
2025-06-26 13:45:48,363 INFO: [LOGS] operator price : 6716.153508481585
2025-06-26 13:45:48,363 INFO: [LOGS] threshold : 2000
2025-06-26 13:45:48,429 INFO: [*6283487911805021828] Upgrade for Operator bought

2025-06-26 13:45:48,429 INFO: Completed a cycle
2025-06-26 13:45:48,976 INFO: [*] Ship {'cargo': {'capacity': 489.79839137092665, 'resources': {'Helium': 0.0, 'Ozone': 0.0}, 'usage': 0.0}, 'crew': {'3279591314': {'member_type': 'Pilot', 'rank': 2}, '384909702': {'member_type': 'Operator', 'rank': 6}}, 'fuel_tank': 9033.025641667959, 'fuel_tank_capacity': 9034.0, 'hull_decay': 0.889475568700334, 'hull_decay_capacity': 5384.0, 'id': 6283487911805021828, 'modules': {'1': {'modtype': 'GasSucker', 'operator': 384909702, 'rank': 1, 'totalcost': 0.0}}, 'pilot': 3279591314, 'position': [44595916, 2679037398, 3479964711], 'reactor_power': 6, 'shield_power': 0, 'state': 'Idle', 'stats': {'fuel_consumption': 5.76, 'hull_usage_rate': 0.05, 'speed': 600.0}} cycle began
2025-06-26 13:45:49,020 INFO: [*6283487911805021828] Starting the Mining operation
2025-06-26 13:45:49,179 INFO: [*6283487911805021828] Targeting planet at [44595663, 2679037401, 3479964280]
2025-06-26 13:45:49,285 INFO: [*6283487911805021828] Traveling to [44595663, 2679037401, 3479964280], will take 0.8329649185623339
2025-06-26 13:45:50,272 INFO: [*6283487911805021828] Starting extraction:
2025-06-26 13:45:50,273 INFO: 	- Extraction of Freon: 2.3864350332566175/sec
2025-06-26 13:45:50,273 INFO: 	- Extraction of Helium: 146.50780257917606/sec
2025-06-26 13:45:50,273 INFO: 	- Extraction of Ozone: 24.517091739068068/sec
2025-06-26 13:45:53,453 INFO: [*6283487911805021828] The cargo is full, stopping mining process
2025-06-26 13:45:53,677 INFO: [*6283487911805021828] Traveling to [44595916, 2679037398, 3479964711], will take 0.8329649185623339
2025-06-26 13:45:54,751 INFO: [*6283487911805021828] Unloaded and sold 6.538831991123132 of Freon, for 442.29795092695804 credits
2025-06-26 13:45:54,872 INFO: [*6283487911805021828] Unloaded and sold 402.9864226465856 of Helium, for 1329.0509339085277 credits
2025-06-26 13:45:54,972 INFO: [*6283487911805021828] Unloaded and sold 67.17683136504651 of Ozone, for 873.7483631327025 credits
2025-06-26 13:45:56,020 INFO: [*6283487911805021828] ALL RESSOURCES SOLD for a total of 2645.097247968188 credits
2025-06-26 13:45:56,142 INFO: [*6283487911805021828] Current hull decay level: 50.86737068244044/5384.0
2025-06-26 13:45:56,142 INFO: [*6283487911805021828] NO REPAIRS REQUIRED - The hull plate price isn't optimal (score: 2153.600000000002)
2025-06-26 13:45:56,308 INFO: [*6283487911805021828] Bought 10.0 of fuel for 23.937516721388892
2025-06-26 13:45:56,395 INFO: [*6283487911805021828] Refilled 10.570114193895279 fuel on the ship for 23.937516721388892 credits
2025-06-26 13:45:56,395 INFO: [*6283487911805021828] Checking for ship upgrades
2025-06-26 13:45:56,573 INFO: [*6283487911805021828] Current ship cargo capacity: 489.79839137092665
2025-06-26 13:45:56,573 INFO: [*6283487911805021828] Current ship reactor power: 6
2025-06-26 13:45:56,573 INFO: [LOGS] flip value = 1
2025-06-26 13:45:56,574 INFO: [*6283487911805021828] Upgrades available: {'CargoExpansion': {'description': 'Adds 100 of cargo capacity', 'price': 2000.0}, 'HullUpgrade': {'description': 'Increase the hull decay capacity by 100', 'price': 900.0}, 'ReactorUpgrade': {'description': "Increase the reactor power by 1, improves the ship's speed", 'price': 4000.0}, 'Shield': {'description': 'Reduce the damage and usure of the hull', 'price': 2500.0}}
2025-06-26 13:45:56,574 INFO: [*6283487911805021828] Considering reactor upgrade...
2025-06-26 13:45:56,617 INFO: [*6283487911805021828] Reactor upgrade bought
2025-06-26 13:45:56,617 INFO: [LOGS] flip value = 0
2025-06-26 13:45:56,617 INFO: 
2025-06-26 13:45:56,664 INFO: [*6283487911805021828] Available crew augments: {'3279591314': {'member-type': 'Pilot', 'price': 18836.13466856635, 'rank': 3}, '384909702': {'member-type': 'Operator', 'price': 7841.960911556473, 'rank': 7}}
2025-06-26 13:45:56,664 INFO: [*6283487911805021828] Pilot at max level
2025-06-26 13:45:56,722 INFO: [*6283487911805021828] Available crew augments: {'3279591314': {'member-type': 'Pilot', 'price': 18836.13466856635, 'rank': 3}, '384909702': {'member-type': 'Operator', 'price': 7841.960911556473, 'rank': 7}}
2025-06-26 13:45:56,767 INFO: [LOGS] rank : 7
2025-06-26 13:45:56,767 INFO: [LOGS] operator price : 7841.960911556473
2025-06-26 13:45:56,767 INFO: [LOGS] threshold : 2000
2025-06-26 13:45:56,831 INFO: [*6283487911805021828] Upgrade for Operator bought

2025-06-26 13:45:56,831 INFO: Completed a cycle
2025-06-26 13:45:57,382 INFO: [*] Ship {'cargo': {'capacity': 489.79839137092665, 'resources': {'Freon': 0.0, 'Helium': 0.0, 'Ozone': 0.0}, 'usage': 0.0}, 'crew': {'3279591314': {'member_type': 'Pilot', 'rank': 2}, '384909702': {'member_type': 'Operator', 'rank': 7}}, 'fuel_tank': 9034.0, 'fuel_tank_capacity': 9034.0, 'hull_decay': 50.86737068244044, 'hull_decay_capacity': 5384.0, 'id': 6283487911805021828, 'modules': {'1': {'modtype': 'GasSucker', 'operator': 384909702, 'rank': 1, 'totalcost': 0.0}}, 'pilot': 3279591314, 'position': [44595916, 2679037398, 3479964711], 'reactor_power': 7, 'shield_power': 0, 'state': 'Idle', 'stats': {'fuel_consumption': 6.72, 'hull_usage_rate': 0.05, 'speed': 700.0}} cycle began
2025-06-26 13:45:57,450 INFO: [*6283487911805021828] Starting the Mining operation
2025-06-26 13:45:57,619 INFO: [*6283487911805021828] Targeting planet at [44595663, 2679037401, 3479964280]
2025-06-26 13:45:57,702 INFO: [*6283487911805021828] Traveling to [44595663, 2679037401, 3479964280], will take 0.7139699301962862
2025-06-26 13:45:58,549 INFO: [*6283487911805021828] Starting extraction:
2025-06-26 13:45:58,550 INFO: 	- Extraction of Freon: 3.617159114807848/sec
2025-06-26 13:45:58,550 INFO: 	- Extraction of Helium: 160.70479248580193/sec
2025-06-26 13:45:58,550 INFO: 	- Extraction of Ozone: 28.029474777103864/sec
2025-06-26 13:46:01,724 INFO: [*6283487911805021828] The cargo is full, stopping mining process
2025-06-26 13:46:01,942 INFO: [*6283487911805021828] Traveling to [44595916, 2679037398, 3479964711], will take 0.7139699301962862
2025-06-26 13:46:02,893 INFO: [*6283487911805021828] Unloaded and sold 8.753525057834985 of Freon, for 527.6929140682641 credits
2025-06-26 13:46:02,976 INFO: [*6283487911805021828] Unloaded and sold 391.9459917279264 of Helium, for 1266.2274076413619 credits
2025-06-26 13:46:03,085 INFO: [*6283487911805021828] Unloaded and sold 67.83132896059125 of Ozone, for 1010.494317964419 credits
2025-06-26 13:46:04,130 INFO: [*6283487911805021828] ALL RESSOURCES SOLD for a total of 2804.4146396740452 credits
2025-06-26 13:46:04,238 INFO: [*6283487911805021828] Current hull decay level: 100.84526579618067/5384.0
2025-06-26 13:46:04,239 INFO: [*6283487911805021828] NO REPAIRS REQUIRED - The hull plate price isn't optimal (score: 2961.2000000000016)
2025-06-26 13:46:04,407 INFO: [*6283487911805021828] Bought 9.0 of fuel for 20.765025713477478
2025-06-26 13:46:04,491 INFO: [*6283487911805021828] Refilled 9.0 fuel on the ship for 20.765025713477478 credits
2025-06-26 13:46:04,491 INFO: [*6283487911805021828] Checking for ship upgrades
2025-06-26 13:46:04,673 INFO: [*6283487911805021828] Current ship cargo capacity: 489.79839137092665
2025-06-26 13:46:04,674 INFO: [*6283487911805021828] Current ship reactor power: 7
2025-06-26 13:46:04,674 INFO: [LOGS] flip value = 0
2025-06-26 13:46:04,674 INFO: [*6283487911805021828] Upgrades available: {'CargoExpansion': {'description': 'Adds 100 of cargo capacity', 'price': 2000.0}, 'HullUpgrade': {'description': 'Increase the hull decay capacity by 100', 'price': 900.0}, 'ReactorUpgrade': {'description': "Increase the reactor power by 1, improves the ship's speed", 'price': 4000.0}, 'Shield': {'description': 'Reduce the damage and usure of the hull', 'price': 2500.0}}
2025-06-26 13:46:04,674 INFO: [*6283487911805021828] Considering cargo expansion upgrade...
2025-06-26 13:46:04,716 INFO: [*6283487911805021828] Cargo expansion upgrade bought
2025-06-26 13:46:04,717 INFO: [LOGS] flip value = 1
2025-06-26 13:46:04,717 INFO: 
2025-06-26 13:46:04,776 INFO: [*6283487911805021828] Available crew augments: {'3279591314': {'member-type': 'Pilot', 'price': 18836.13466856635, 'rank': 3}, '384909702': {'member-type': 'Operator', 'price': 8939.833789298986, 'rank': 8}}
2025-06-26 13:46:04,776 INFO: [*6283487911805021828] Pilot at max level
2025-06-26 13:46:04,820 INFO: [*6283487911805021828] Available crew augments: {'3279591314': {'member-type': 'Pilot', 'price': 18836.13466856635, 'rank': 3}, '384909702': {'member-type': 'Operator', 'price': 8939.833789298986, 'rank': 8}}
2025-06-26 13:46:04,879 INFO: [LOGS] rank : 8
2025-06-26 13:46:04,879 INFO: [LOGS] operator price : 8939.833789298986
2025-06-26 13:46:04,879 INFO: [LOGS] threshold : 2000
2025-06-26 13:46:04,918 INFO: [*6283487911805021828] Upgrade for Operator bought

2025-06-26 13:46:04,920 INFO: Completed a cycle
2025-06-26 13:46:05,466 INFO: [*] Ship {'cargo': {'capacity': 589.7983913709267, 'resources': {'Freon': 0.0, 'Helium': 0.0, 'Ozone': 0.0}, 'usage': 0.001}, 'crew': {'3279591314': {'member_type': 'Pilot', 'rank': 2}, '384909702': {'member_type': 'Operator', 'rank': 8}}, 'fuel_tank': 9033.404244138103, 'fuel_tank_capacity': 9034.0, 'hull_decay': 100.84526579618067, 'hull_decay_capacity': 5384.0, 'id': 6283487911805021828, 'modules': {'1': {'modtype': 'GasSucker', 'operator': 384909702, 'rank': 1, 'totalcost': 0.0}}, 'pilot': 3279591314, 'position': [44595916, 2679037398, 3479964711], 'reactor_power': 7, 'shield_power': 0, 'state': 'Idle', 'stats': {'fuel_consumption': 6.72, 'hull_usage_rate': 0.05, 'speed': 700.0}} cycle began
2025-06-26 13:46:05,511 INFO: [*6283487911805021828] Starting the Mining operation
2025-06-26 13:46:05,676 INFO: [*6283487911805021828] Targeting planet at [44595663, 2679037401, 3479964280]
2025-06-26 13:46:05,762 INFO: [*6283487911805021828] Traveling to [44595663, 2679037401, 3479964280], will take 0.7139699301962862
2025-06-26 13:46:06,642 INFO: [*6283487911805021828] Starting extraction:
2025-06-26 13:46:06,642 INFO: 	- Extraction of Freon: 4.613413357687827/sec
2025-06-26 13:46:06,643 INFO: 	- Extraction of Helium: 174.1101126592248/sec
2025-06-26 13:46:06,643 INFO: 	- Extraction of Ozone: 31.26969948809759/sec
2025-06-26 13:46:09,821 INFO: [*6283487911805021828] The cargo is full, stopping mining process
2025-06-26 13:46:10,108 INFO: [*6283487911805021828] Traveling to [44595916, 2679037398, 3479964711], will take 0.7139699301962862
2025-06-26 13:46:11,159 INFO: [*6283487911805021828] Unloaded and sold 12.179411264295839 of Freon, for 726.7487202274817 credits
2025-06-26 13:46:11,266 INFO: [*6283487911805021828] Unloaded and sold 462.5055212754565 of Helium, for 1653.5820003407684 credits
2025-06-26 13:46:11,349 INFO: [*6283487911805021828] Unloaded and sold 82.55200664857756 of Ozone, for 1118.1348401969135 credits
2025-06-26 13:46:12,393 INFO: [*6283487911805021828] ALL RESSOURCES SOLD for a total of 3498.465560765164 credits
2025-06-26 13:46:12,490 INFO: [*6283487911805021828] Current hull decay level: 150.82316090992046/5384.0
2025-06-26 13:46:12,490 INFO: [*6283487911805021828] NO REPAIRS REQUIRED - The hull plate price isn't optimal (score: 4038.000000000001)
2025-06-26 13:46:12,640 INFO: [*6283487911805021828] Bought 10.0 of fuel for 22.785262841097477
2025-06-26 13:46:12,749 INFO: [*6283487911805021828] Refilled 10.0 fuel on the ship for 22.785262841097477 credits
2025-06-26 13:46:12,750 INFO: [*6283487911805021828] Checking for ship upgrades
2025-06-26 13:46:12,979 INFO: [*6283487911805021828] Current ship cargo capacity: 589.7983913709267
2025-06-26 13:46:12,979 INFO: [*6283487911805021828] Current ship reactor power: 7
2025-06-26 13:46:12,979 INFO: [LOGS] flip value = 1
2025-06-26 13:46:12,979 INFO: [*6283487911805021828] Upgrades available: {'CargoExpansion': {'description': 'Adds 100 of cargo capacity', 'price': 2000.0}, 'HullUpgrade': {'description': 'Increase the hull decay capacity by 100', 'price': 900.0}, 'ReactorUpgrade': {'description': "Increase the reactor power by 1, improves the ship's speed", 'price': 4000.0}, 'Shield': {'description': 'Reduce the damage and usure of the hull', 'price': 2500.0}}
2025-06-26 13:46:12,979 INFO: [*6283487911805021828] Considering reactor upgrade...
2025-06-26 13:46:13,022 INFO: [*6283487911805021828] Reactor upgrade bought
2025-06-26 13:46:13,023 INFO: [LOGS] flip value = 0
2025-06-26 13:46:13,023 INFO: 
2025-06-26 13:46:13,069 INFO: [*6283487911805021828] Available crew augments: {'3279591314': {'member-type': 'Pilot', 'price': 18836.13466856635, 'rank': 3}, '384909702': {'member-type': 'Operator', 'price': 10014.346160268078, 'rank': 9}}
2025-06-26 13:46:13,069 INFO: [*6283487911805021828] Pilot at max level
2025-06-26 13:46:13,113 INFO: [*6283487911805021828] Available crew augments: {'3279591314': {'member-type': 'Pilot', 'price': 18836.13466856635, 'rank': 3}, '384909702': {'member-type': 'Operator', 'price': 10014.346160268078, 'rank': 9}}
2025-06-26 13:46:13,158 INFO: [LOGS] rank : 9
2025-06-26 13:46:13,158 INFO: [LOGS] operator price : 10014.346160268078
2025-06-26 13:46:13,158 INFO: [LOGS] threshold : 2000
2025-06-26 13:46:13,221 INFO: [*6283487911805021828] Upgrade for Operator bought

2025-06-26 13:46:13,222 INFO: Completed a cycle
2025-06-26 13:46:13,764 INFO: [*] Ship {'cargo': {'capacity': 589.7983913709267, 'resources': {'Freon': 0.0, 'Helium': 0.0, 'Ozone': 0.0}, 'usage': 0.001}, 'crew': {'3279591314': {'member_type': 'Pilot', 'rank': 2}, '384909702': {'member_type': 'Operator', 'rank': 9}}, 'fuel_tank': 9033.808488276205, 'fuel_tank_capacity': 9034.0, 'hull_decay': 150.82316090992046, 'hull_decay_capacity': 5384.0, 'id': 6283487911805021828, 'modules': {'1': {'modtype': 'GasSucker', 'operator': 384909702, 'rank': 1, 'totalcost': 0.0}}, 'pilot': 3279591314, 'position': [44595916, 2679037398, 3479964711], 'reactor_power': 8, 'shield_power': 0, 'state': 'Idle', 'stats': {'fuel_consumption': 7.68, 'hull_usage_rate': 0.05, 'speed': 800.0}} cycle began
2025-06-26 13:46:13,824 INFO: [*6283487911805021828] Starting the Mining operation
2025-06-26 13:46:13,963 INFO: [*6283487911805021828] Targeting planet at [44595663, 2679037401, 3479964280]
2025-06-26 13:46:14,048 INFO: [*6283487911805021828] Traveling to [44595663, 2679037401, 3479964280], will take 0.6247236889217505
2025-06-26 13:46:14,927 INFO: [*6283487911805021828] Starting extraction:
2025-06-26 13:46:14,927 INFO: 	- Extraction of Freon: 5.482587994018343/sec
2025-06-26 13:46:14,927 INFO: 	- Extraction of Helium: 186.85964094232756/sec
2025-06-26 13:46:14,927 INFO: 	- Extraction of Ozone: 34.29981529217453/sec
2025-06-26 13:46:18,137 INFO: [*6283487911805021828] The cargo is full, stopping mining process
2025-06-26 13:46:18,419 INFO: [*6283487911805021828] Traveling to [44595916, 2679037398, 3479964711], will take 0.6247236889217505
2025-06-26 13:46:19,273 INFO: [*6283487911805021828] Unloaded and sold 13.267862945524362 of Freon, for 789.8701371778441 credits
2025-06-26 13:46:19,356 INFO: [*6283487911805021828] Unloaded and sold 455.93752389927926 of Helium, for 2128.8910356653455 credits
2025-06-26 13:46:19,444 INFO: [!] Error during ship 6283487911805021828 cycle: Either you attempted to SELL 0 units, or you don't have any unit of this resource in your cargo
2025-06-26 13:46:19,444 INFO: Completed a cycle
2025-06-26 13:46:20,004 INFO: [*] Ship {'cargo': {'capacity': 589.7983913709267, 'resources': {'Freon': 0.0, 'Helium': 0.0, 'Ozone': 83.21626384395765}, 'usage': 208.04165960989414}, 'crew': {'3279591314': {'member_type': 'Pilot', 'rank': 2}, '384909702': {'member_type': 'Operator', 'rank': 9}}, 'fuel_tank': 9024.212732414388, 'fuel_tank_capacity': 9034.0, 'hull_decay': 200.80105602366118, 'hull_decay_capacity': 5384.0, 'id': 6283487911805021828, 'modules': {'1': {'modtype': 'GasSucker', 'operator': 384909702, 'rank': 1, 'totalcost': 0.0}}, 'pilot': 3279591314, 'position': [44595916, 2679037398, 3479964711], 'reactor_power': 8, 'shield_power': 0, 'state': 'Idle', 'stats': {'fuel_consumption': 7.68, 'hull_usage_rate': 0.05, 'speed': 800.0}} cycle began
2025-06-26 13:46:20,069 INFO: [*6283487911805021828] Starting the Mining operation
2025-06-26 13:46:20,236 INFO: [*6283487911805021828] Targeting planet at [44595663, 2679037401, 3479964280]
2025-06-26 13:46:20,321 INFO: [*6283487911805021828] Traveling to [44595663, 2679037401, 3479964280], will take 0.6247236889217505
2025-06-26 13:46:21,095 INFO: [*6283487911805021828] Starting extraction:
2025-06-26 13:46:21,096 INFO: 	- Extraction of Freon: 5.482587994018343/sec
2025-06-26 13:46:21,096 INFO: 	- Extraction of Helium: 186.85964094232756/sec
2025-06-26 13:46:21,096 INFO: 	- Extraction of Ozone: 34.29981529217453/sec
2025-06-26 13:46:23,192 INFO: [*6283487911805021828] The cargo is full, stopping mining process
2025-06-26 13:46:24,460 INFO: [*6283487911805021828] Traveling to [44595916, 2679037398, 3479964711], will take 0.6247236889217505
2025-06-26 13:46:25,692 INFO: [*6283487911805021828] Unloaded and sold 8.552837270668618 of Freon, for 463.85548005366786 credits
2025-06-26 13:46:25,785 INFO: [!] Error during ship 6283487911805021828 cycle: Either you attempted to SELL 0 units, or you don't have any unit of this resource in your cargo
2025-06-26 13:46:25,786 INFO: Completed a cycle
2025-06-26 13:46:26,346 INFO: [*] Ship {'cargo': {'capacity': 589.7983913709267, 'resources': {'Freon': 0.0, 'Helium': 0.0, 'Ozone': 137.08408201690523}, 'usage': 342.711}, 'crew': {'3279591314': {'member_type': 'Pilot', 'rank': 2}, '384909702': {'member_type': 'Operator', 'rank': 9}}, 'fuel_tank': 9014.61697655257, 'fuel_tank_capacity': 9034.0, 'hull_decay': 250.7789511374019, 'hull_decay_capacity': 5384.0, 'id': 6283487911805021828, 'modules': {'1': {'modtype': 'GasSucker', 'operator': 384909702, 'rank': 1, 'totalcost': 0.0}}, 'pilot': 3279591314, 'position': [44595916, 2679037398, 3479964711], 'reactor_power': 8, 'shield_power': 0, 'state': 'Idle', 'stats': {'fuel_consumption': 7.68, 'hull_usage_rate': 0.05, 'speed': 800.0}} cycle began
2025-06-26 13:46:26,407 INFO: [*6283487911805021828] Starting the Mining operation
2025-06-26 13:46:27,542 INFO: [*6283487911805021828] Targeting planet at [44595663, 2679037401, 3479964280]
2025-06-26 13:46:27,654 INFO: [*6283487911805021828] Traveling to [44595663, 2679037401, 3479964280], will take 0.6247236889217505
2025-06-26 13:46:28,754 INFO: [*6283487911805021828] Starting extraction:
2025-06-26 13:46:28,754 INFO: 	- Extraction of Freon: 5.482587994018343/sec
2025-06-26 13:46:28,755 INFO: 	- Extraction of Helium: 186.85964094232756/sec
2025-06-26 13:46:28,755 INFO: 	- Extraction of Ozone: 34.29981529217453/sec
2025-06-26 13:46:30,866 INFO: [*6283487911805021828] The cargo is full, stopping mining process
2025-06-26 13:46:31,101 INFO: [*6283487911805021828] Traveling to [44595916, 2679037398, 3479964711], will take 0.6247236889217505
2025-06-26 13:46:32,021 INFO: [*6283487911805021828] Unloaded and sold 5.558412351667092 of Freon, for 281.00807419793136 credits
2025-06-26 13:46:32,128 INFO: [*6283487911805021828] Unloaded and sold 190.5968337611741 of Helium, for 595.5728320085293 credits
2025-06-26 13:46:32,237 INFO: [*6283487911805021828] Unloaded and sold 172.06989361492387 of Ozone, for 2783.0721077442645 credits
2025-06-26 13:46:33,288 INFO: [*6283487911805021828] ALL RESSOURCES SOLD for a total of 3659.653013950725 credits
2025-06-26 13:46:33,393 INFO: [*6283487911805021828] Current hull decay level: 300.7568462511426/5384.0
2025-06-26 13:46:33,393 INFO: [*6283487911805021828] NO REPAIRS REQUIRED - The hull plate price isn't optimal (score: 3499.6000000000013)
2025-06-26 13:46:33,516 INFO: [*6283487911805021828] Bought 28.0 of fuel for 79.22291506733644
2025-06-26 13:46:33,600 INFO: [*6283487911805021828] Refilled 28.0 fuel on the ship for 79.22291506733644 credits
2025-06-26 13:46:33,601 INFO: [*6283487911805021828] Checking for ship upgrades
2025-06-26 13:46:33,845 INFO: [*6283487911805021828] Current ship cargo capacity: 589.7983913709267
2025-06-26 13:46:33,845 INFO: [*6283487911805021828] Current ship reactor power: 8
2025-06-26 13:46:33,845 INFO: [LOGS] flip value = 0
2025-06-26 13:46:33,846 INFO: [*6283487911805021828] Upgrades available: {'CargoExpansion': {'description': 'Adds 100 of cargo capacity', 'price': 2000.0}, 'HullUpgrade': {'description': 'Increase the hull decay capacity by 100', 'price': 900.0}, 'ReactorUpgrade': {'description': "Increase the reactor power by 1, improves the ship's speed", 'price': 4000.0}, 'Shield': {'description': 'Reduce the damage and usure of the hull', 'price': 2500.0}}
2025-06-26 13:46:33,846 INFO: [*6283487911805021828] Considering cargo expansion upgrade...
2025-06-26 13:46:33,906 INFO: [*6283487911805021828] Cargo expansion upgrade bought
2025-06-26 13:46:33,906 INFO: [LOGS] flip value = 1
2025-06-26 13:46:33,907 INFO: 
2025-06-26 13:46:33,950 INFO: [*6283487911805021828] Available crew augments: {'3279591314': {'member-type': 'Pilot', 'price': 18836.13466856635, 'rank': 3}, '384909702': {'member-type': 'Operator', 'price': 11068.843406269662, 'rank': 10}}
2025-06-26 13:46:33,950 INFO: [*6283487911805021828] Pilot at max level
2025-06-26 13:46:34,013 INFO: [*6283487911805021828] Available crew augments: {'3279591314': {'member-type': 'Pilot', 'price': 18836.13466856635, 'rank': 3}, '384909702': {'member-type': 'Operator', 'price': 11068.843406269662, 'rank': 10}}
2025-06-26 13:46:34,063 INFO: [LOGS] rank : 10
2025-06-26 13:46:34,063 INFO: [LOGS] operator price : 11068.843406269662
2025-06-26 13:46:34,063 INFO: [LOGS] threshold : 2000
2025-06-26 13:46:34,121 INFO: [*6283487911805021828] Upgrade for Operator bought

2025-06-26 13:46:34,121 INFO: Completed a cycle
2025-06-26 13:46:34,664 INFO: [*] Ship {'cargo': {'capacity': 689.7983913709267, 'resources': {'Freon': 0.0, 'Helium': 0.0, 'Ozone': 0.0}, 'usage': 0.0}, 'crew': {'3279591314': {'member_type': 'Pilot', 'rank': 2}, '384909702': {'member_type': 'Operator', 'rank': 10}}, 'fuel_tank': 9033.021220690753, 'fuel_tank_capacity': 9034.0, 'hull_decay': 300.7568462511426, 'hull_decay_capacity': 5384.0, 'id': 6283487911805021828, 'modules': {'1': {'modtype': 'GasSucker', 'operator': 384909702, 'rank': 1, 'totalcost': 0.0}}, 'pilot': 3279591314, 'position': [44595916, 2679037398, 3479964711], 'reactor_power': 8, 'shield_power': 0, 'state': 'Idle', 'stats': {'fuel_consumption': 7.68, 'hull_usage_rate': 0.05, 'speed': 800.0}} cycle began
2025-06-26 13:46:34,708 INFO: [*6283487911805021828] Starting the Mining operation
2025-06-26 13:46:34,847 INFO: [*6283487911805021828] Targeting planet at [44595663, 2679037401, 3479964280]
2025-06-26 13:46:34,966 INFO: [*6283487911805021828] Traveling to [44595663, 2679037401, 3479964280], will take 0.6247236889217505
2025-06-26 13:46:35,736 INFO: [*6283487911805021828] Starting extraction:
2025-06-26 13:46:35,736 INFO: 	- Extraction of Freon: 6.268037968251735/sec
2025-06-26 13:46:35,736 INFO: 	- Extraction of Helium: 199.05358527674858/sec
2025-06-26 13:46:35,736 INFO: 	- Extraction of Oxygen: 1.2335222663974192/sec
2025-06-26 13:46:35,736 INFO: 	- Extraction of Ozone: 37.16096211156069/sec
2025-06-26 13:46:38,951 INFO: [*6283487911805021828] The cargo is full, stopping mining process
2025-06-26 13:46:39,171 INFO: [*6283487911805021828] Traveling to [44595916, 2679037398, 3479964711], will take 0.6247236889217505
2025-06-26 13:46:40,024 INFO: [*6283487911805021828] Unloaded and sold 16.533995167391907 of Freon, for 778.6876993011842 credits
2025-06-26 13:46:40,134 INFO: [*6283487911805021828] Unloaded and sold 525.5014651306169 of Helium, for 1871.0385908052504 credits
2025-06-26 13:46:40,240 INFO: [*6283487911805021828] Unloaded and sold 3.2318283379612365 of Oxygen, for 336.4271701890587 credits
2025-06-26 13:46:40,347 INFO: [*6283487911805021828] Unloaded and sold 98.10493997452043 of Ozone, for 1401.1650924826833 credits
2025-06-26 13:46:41,410 INFO: [*6283487911805021828] ALL RESSOURCES SOLD for a total of 4387.318552778177 credits
2025-06-26 13:46:41,496 INFO: [*6283487911805021828] Current hull decay level: 350.7347413648833/5384.0
2025-06-26 13:46:41,497 INFO: [*6283487911805021828] NO REPAIRS REQUIRED - The hull plate price isn't optimal (score: 2692.000000000002)
2025-06-26 13:46:41,636 INFO: [*6283487911805021828] Bought 10.0 of fuel for 26.32566566630152
2025-06-26 13:46:42,758 INFO: [!] Error during ship 6283487911805021828 cycle: You don't have any fuel in the station cargo
2025-06-26 13:46:42,758 INFO: Completed a cycle
2025-06-26 13:46:43,324 INFO: [*] Ship {'cargo': {'capacity': 689.7983913709267, 'resources': {'Freon': 0.0, 'Helium': 0.0, 'Oxygen': 0.0, 'Ozone': 0.0}, 'usage': 0.0}, 'crew': {'3279591314': {'member_type': 'Pilot', 'rank': 2}, '384909702': {'member_type': 'Operator', 'rank': 10}}, 'fuel_tank': 9023.425464828935, 'fuel_tank_capacity': 9034.0, 'hull_decay': 350.7347413648833, 'hull_decay_capacity': 5384.0, 'id': 6283487911805021828, 'modules': {'1': {'modtype': 'GasSucker', 'operator': 384909702, 'rank': 1, 'totalcost': 0.0}}, 'pilot': 3279591314, 'position': [44595916, 2679037398, 3479964711], 'reactor_power': 8, 'shield_power': 0, 'state': 'Idle', 'stats': {'fuel_consumption': 7.68, 'hull_usage_rate': 0.05, 'speed': 800.0}} cycle began
2025-06-26 13:46:43,390 INFO: [*6283487911805021828] Starting the Mining operation
2025-06-26 13:46:43,536 INFO: [*6283487911805021828] Targeting planet at [44595663, 2679037401, 3479964280]
2025-06-26 13:46:43,641 INFO: [*6283487911805021828] Traveling to [44595663, 2679037401, 3479964280], will take 0.6247236889217505
2025-06-26 13:46:44,395 INFO: [*6283487911805021828] Starting extraction:
2025-06-26 13:46:44,396 INFO: 	- Extraction of Freon: 6.268037968251735/sec
2025-06-26 13:46:44,396 INFO: 	- Extraction of Helium: 199.05358527674858/sec
2025-06-26 13:46:44,396 INFO: 	- Extraction of Oxygen: 1.2335222663974192/sec
2025-06-26 13:46:44,397 INFO: 	- Extraction of Ozone: 37.16096211156069/sec
2025-06-26 13:46:47,580 INFO: [*6283487911805021828] The cargo is full, stopping mining process
2025-06-26 13:46:47,818 INFO: [*6283487911805021828] Traveling to [44595916, 2679037398, 3479964711], will take 0.6247236889217505
2025-06-26 13:46:48,690 INFO: [*6283487911805021828] Unloaded and sold 16.533995167391907 of Freon, for 1027.6756701463717 credits
2025-06-26 13:46:48,776 INFO: [*6283487911805021828] Unloaded and sold 525.5014651306169 of Helium, for 1844.66688805908 credits
2025-06-26 13:46:48,899 INFO: [*6283487911805021828] Unloaded and sold 3.2318283379612365 of Oxygen, for 287.3383358734103 credits
2025-06-26 13:46:49,000 INFO: [*6283487911805021828] Unloaded and sold 98.10493997452043 of Ozone, for 1447.6167670895238 credits
2025-06-26 13:46:50,045 INFO: [*6283487911805021828] ALL RESSOURCES SOLD for a total of 4607.297661168386 credits
2025-06-26 13:46:50,218 INFO: [*6283487911805021828] Current hull decay level: 400.712636478624/5384.0
2025-06-26 13:46:50,218 INFO: [*6283487911805021828] NO REPAIRS REQUIRED - The hull plate price isn't optimal (score: 2961.2000000000016)
2025-06-26 13:46:50,362 INFO: [*6283487911805021828] Bought 20.0 of fuel for 49.756495857559564
2025-06-26 13:46:50,458 INFO: [*6283487911805021828] Refilled 19.62139752969597 fuel on the ship for 49.756495857559564 credits
2025-06-26 13:46:50,459 INFO: [*6283487911805021828] Checking for ship upgrades
2025-06-26 13:46:50,669 INFO: [*6283487911805021828] Current ship cargo capacity: 689.7983913709267
2025-06-26 13:46:50,669 INFO: [*6283487911805021828] Current ship reactor power: 8
2025-06-26 13:46:50,669 INFO: [LOGS] flip value = 1
2025-06-26 13:46:50,670 INFO: [*6283487911805021828] Upgrades available: {'CargoExpansion': {'description': 'Adds 100 of cargo capacity', 'price': 2000.0}, 'HullUpgrade': {'description': 'Increase the hull decay capacity by 100', 'price': 900.0}, 'ReactorUpgrade': {'description': "Increase the reactor power by 1, improves the ship's speed", 'price': 4000.0}, 'Shield': {'description': 'Reduce the damage and usure of the hull', 'price': 2500.0}}
2025-06-26 13:46:50,670 INFO: [*6283487911805021828] Considering reactor upgrade...
2025-06-26 13:46:50,714 INFO: [*6283487911805021828] Reactor upgrade bought
2025-06-26 13:46:50,714 INFO: [LOGS] flip value = 0
2025-06-26 13:46:50,715 INFO: 
2025-06-26 13:46:50,756 INFO: [*6283487911805021828] Available crew augments: {'3279591314': {'member-type': 'Pilot', 'price': 18836.13466856635, 'rank': 3}, '384909702': {'member-type': 'Operator', 'price': 12105.872912968758, 'rank': 11}}
2025-06-26 13:46:50,756 INFO: [*6283487911805021828] Pilot at max level
2025-06-26 13:46:50,802 INFO: [*6283487911805021828] Available crew augments: {'3279591314': {'member-type': 'Pilot', 'price': 18836.13466856635, 'rank': 3}, '384909702': {'member-type': 'Operator', 'price': 12105.872912968758, 'rank': 11}}
2025-06-26 13:46:50,848 INFO: [LOGS] rank : 11
2025-06-26 13:46:50,849 INFO: [LOGS] operator price : 12105.872912968758
2025-06-26 13:46:50,849 INFO: [LOGS] threshold : 2000
2025-06-26 13:46:50,894 INFO: [*6283487911805021828] Upgrade for Operator bought

2025-06-26 13:46:50,895 INFO: Completed a cycle
2025-06-26 13:46:51,443 INFO: [*] Ship {'cargo': {'capacity': 689.7983913709267, 'resources': {'Freon': 0.0, 'Helium': 0.0, 'Oxygen': 0.0, 'Ozone': 0.0}, 'usage': 0.0}, 'crew': {'3279591314': {'member_type': 'Pilot', 'rank': 2}, '384909702': {'member_type': 'Operator', 'rank': 11}}, 'fuel_tank': 9033.451106496814, 'fuel_tank_capacity': 9034.0, 'hull_decay': 400.712636478624, 'hull_decay_capacity': 5384.0, 'id': 6283487911805021828, 'modules': {'1': {'modtype': 'GasSucker', 'operator': 384909702, 'rank': 1, 'totalcost': 0.0}}, 'pilot': 3279591314, 'position': [44595916, 2679037398, 3479964711], 'reactor_power': 9, 'shield_power': 0, 'state': 'Idle', 'stats': {'fuel_consumption': 8.64, 'hull_usage_rate': 0.05, 'speed': 900.0}} cycle began
2025-06-26 13:46:51,507 INFO: [*6283487911805021828] Starting the Mining operation
2025-06-26 13:46:51,699 INFO: [*6283487911805021828] Targeting planet at [44595663, 2679037401, 3479964280]
2025-06-26 13:46:51,923 INFO: [*6283487911805021828] Traveling to [44595663, 2679037401, 3479964280], will take 0.5553099457082226
2025-06-26 13:46:52,837 INFO: [*6283487911805021828] Starting extraction:
2025-06-26 13:46:52,837 INFO: 	- Extraction of Freon: 6.992627054407801/sec
2025-06-26 13:46:52,837 INFO: 	- Extraction of Helium: 210.76845665459496/sec
2025-06-26 13:46:52,837 INFO: 	- Extraction of Oxygen: 1.8696701343380209/sec
2025-06-26 13:46:52,837 INFO: 	- Extraction of Ozone: 39.882140854325414/sec
2025-06-26 13:46:56,012 INFO: [*6283487911805021828] The cargo is full, stopping mining process
2025-06-26 13:46:56,448 INFO: [*6283487911805021828] Traveling to [44595916, 2679037398, 3479964711], will take 0.5553099457082226
2025-06-26 13:46:57,269 INFO: [*6283487911805021828] Unloaded and sold 17.201862553843238 of Freon, for 791.5211801549967 credits
2025-06-26 13:46:57,362 INFO: [*6283487911805021828] Unloaded and sold 522.3570537635716 of Helium, for 1509.4164555191949 credits
2025-06-26 13:46:57,445 INFO: [*6283487911805021828] Unloaded and sold 4.599388530471536 of Oxygen, for 410.20420700816646 credits
2025-06-26 13:46:57,549 INFO: [*6283487911805021828] Unloaded and sold 98.11006650164055 of Ozone, for 1155.4844124972228 credits
2025-06-26 13:46:58,606 INFO: [*6283487911805021828] ALL RESSOURCES SOLD for a total of 3866.6262551795808 credits
2025-06-26 13:46:58,720 INFO: [*6283487911805021828] Current hull decay level: 450.6905315923628/5384.0
2025-06-26 13:46:58,720 INFO: [*6283487911805021828] NO REPAIRS REQUIRED - The hull plate price isn't optimal (score: 538.4000000000019)
2025-06-26 13:46:58,858 INFO: [!] Error during ship 6283487911805021828 cycle: cannot access local variable 'bought' where it is not associated with a value
2025-06-26 13:46:58,858 INFO: Completed a cycle
2025-06-26 13:46:59,416 INFO: [*] Ship {'cargo': {'capacity': 689.7983913709267, 'resources': {'Freon': 0.0, 'Helium': 0.0, 'Oxygen': 0.0, 'Ozone': 0.0}, 'usage': 0.0}, 'crew': {'3279591314': {'member_type': 'Pilot', 'rank': 2}, '384909702': {'member_type': 'Operator', 'rank': 11}}, 'fuel_tank': 9034.0, 'fuel_tank_capacity': 9034.0, 'hull_decay': 450.6905315923628, 'hull_decay_capacity': 5384.0, 'id': 6283487911805021828, 'modules': {'1': {'modtype': 'GasSucker', 'operator': 384909702, 'rank': 1, 'totalcost': 0.0}}, 'pilot': 3279591314, 'position': [44595916, 2679037398, 3479964711], 'reactor_power': 9, 'shield_power': 0, 'state': 'Idle', 'stats': {'fuel_consumption': 8.64, 'hull_usage_rate': 0.05, 'speed': 900.0}} cycle began
2025-06-26 13:46:59,466 INFO: [*6283487911805021828] Starting the Mining operation
2025-06-26 13:46:59,653 INFO: [*6283487911805021828] Targeting planet at [44595663, 2679037401, 3479964280]
2025-06-26 13:46:59,737 INFO: [*6283487911805021828] Traveling to [44595663, 2679037401, 3479964280], will take 0.5553099457082226
2025-06-26 13:47:00,432 INFO: [*6283487911805021828] Starting extraction:
2025-06-26 13:47:00,432 INFO: 	- Extraction of Freon: 6.992627054407801/sec
2025-06-26 13:47:00,432 INFO: 	- Extraction of Helium: 210.76845665459496/sec
2025-06-26 13:47:00,433 INFO: 	- Extraction of Oxygen: 1.8696701343380209/sec
2025-06-26 13:47:00,433 INFO: 	- Extraction of Ozone: 39.882140854325414/sec
2025-06-26 13:47:04,674 INFO: [!] Error during ship 6283487911805021828 cycle: <urlopen error [WinError 10061] Aucune connexion na pu tre tablie car lordinateur cible la expressment refuse>
2025-06-26 13:47:04,675 INFO: Completed a cycle
